<?xml version="1.0"?>
<coverage line-rate="0.093" branch-rate="0.000">
<sources><source>gem</source></sources>
<packages>
<package name="" line-rate="0.093" branch-rate="0.000">
<classes>
<class name="abs" filename="@gem/abs.m" line-rate="1.000" branch-rate="0.0">
<methods></methods><lines>
<line number="5" hits="3" branch="false"/>
<line number="6" hits="3" branch="false"/>
<line number="9" hits="3" branch="false"/>
</lines>
</class>
<class name="acos" filename="@gem/acos.m" line-rate="0.000" branch-rate="0.0">
<methods></methods><lines>
<line number="5" hits="0" branch="false"/>
<line number="6" hits="0" branch="false"/>
<line number="9" hits="0" branch="false"/>
</lines>
</class>
<class name="acot" filename="@gem/acot.m" line-rate="0.000" branch-rate="0.0">
<methods></methods><lines>
<line number="3" hits="0" branch="false"/>
</lines>
</class>
<class name="acsc" filename="@gem/acsc.m" line-rate="0.000" branch-rate="0.0">
<methods></methods><lines>
<line number="3" hits="0" branch="false"/>
</lines>
</class>
<class name="all" filename="@gem/all.m" line-rate="0.000" branch-rate="0.0">
<methods></methods><lines>
<line number="8" hits="0" branch="false"/>
<line number="10" hits="0" branch="false"/>
<line number="12" hits="0" branch="false"/>
<line number="13" hits="0" branch="false"/>
<line number="17" hits="0" branch="false"/>
<line number="18" hits="0" branch="false"/>
<line number="20" hits="0" branch="false"/>
</lines>
</class>
<class name="and" filename="@gem/and.m" line-rate="0.000" branch-rate="0.0">
<methods></methods><lines>
<line number="4" hits="0" branch="false"/>
</lines>
</class>
<class name="angle" filename="@gem/angle.m" line-rate="0.000" branch-rate="0.0">
<methods></methods><lines>
<line number="5" hits="0" branch="false"/>
<line number="6" hits="0" branch="false"/>
<line number="9" hits="0" branch="false"/>
</lines>
</class>
<class name="any" filename="@gem/any.m" line-rate="0.000" branch-rate="0.0">
<methods></methods><lines>
<line number="8" hits="0" branch="false"/>
<line number="10" hits="0" branch="false"/>
<line number="12" hits="0" branch="false"/>
<line number="13" hits="0" branch="false"/>
<line number="17" hits="0" branch="false"/>
<line number="18" hits="0" branch="false"/>
<line number="20" hits="0" branch="false"/>
</lines>
</class>
<class name="asec" filename="@gem/asec.m" line-rate="0.000" branch-rate="0.0">
<methods></methods><lines>
<line number="3" hits="0" branch="false"/>
</lines>
</class>
<class name="asin" filename="@gem/asin.m" line-rate="0.000" branch-rate="0.0">
<methods></methods><lines>
<line number="5" hits="0" branch="false"/>
<line number="6" hits="0" branch="false"/>
<line number="9" hits="0" branch="false"/>
</lines>
</class>
<class name="atan" filename="@gem/atan.m" line-rate="0.000" branch-rate="0.0">
<methods></methods><lines>
<line number="5" hits="0" branch="false"/>
<line number="6" hits="0" branch="false"/>
<line number="9" hits="0" branch="false"/>
</lines>
</class>
<class name="cat" filename="@gem/cat.m" line-rate="0.000" branch-rate="0.0">
<methods></methods><lines>
<line number="4" hits="0" branch="false"/>
<line number="6" hits="0" branch="false"/>
<line number="8" hits="0" branch="false"/>
<line number="9" hits="0" branch="false"/>
<line number="10" hits="0" branch="false"/>
</lines>
</class>
<class name="cbrt" filename="@gem/cbrt.m" line-rate="0.000" branch-rate="0.0">
<methods></methods><lines>
<line number="4" hits="0" branch="false"/>
<line number="6" hits="0" branch="false"/>
<line number="7" hits="0" branch="false"/>
<line number="12" hits="0" branch="false"/>
<line number="13" hits="0" branch="false"/>
<line number="16" hits="0" branch="false"/>
</lines>
</class>
<class name="ceil" filename="@gem/ceil.m" line-rate="0.000" branch-rate="0.0">
<methods></methods><lines>
<line number="5" hits="0" branch="false"/>
<line number="6" hits="0" branch="false"/>
<line number="9" hits="0" branch="false"/>
</lines>
</class>
<class name="checkIdentifierValidity" filename="@gem/checkIdentifierValidity.m" line-rate="1.000" branch-rate="0.0">
<methods></methods><lines>
<line number="4" hits="166" branch="false"/>
<line number="5" hits="166" branch="false"/>
</lines>
</class>
<class name="colon" filename="@gem/colon.m" line-rate="0.000" branch-rate="0.0">
<methods></methods><lines>
<line number="5" hits="0" branch="false"/>
<line number="6" hits="0" branch="false"/>
<line number="9" hits="0" branch="false"/>
<line number="10" hits="0" branch="false"/>
<line number="11" hits="0" branch="false"/>
<line number="14" hits="0" branch="false"/>
<line number="17" hits="0" branch="false"/>
<line number="18" hits="0" branch="false"/>
<line number="19" hits="0" branch="false"/>
<line number="21" hits="0" branch="false"/>
<line number="22" hits="0" branch="false"/>
<line number="23" hits="0" branch="false"/>
<line number="24" hits="0" branch="false"/>
<line number="29" hits="0" branch="false"/>
<line number="30" hits="0" branch="false"/>
<line number="32" hits="0" branch="false"/>
<line number="33" hits="0" branch="false"/>
<line number="36" hits="0" branch="false"/>
<line number="38" hits="0" branch="false"/>
<line number="39" hits="0" branch="false"/>
<line number="43" hits="0" branch="false"/>
<line number="46" hits="0" branch="false"/>
<line number="47" hits="0" branch="false"/>
<line number="48" hits="0" branch="false"/>
<line number="49" hits="0" branch="false"/>
<line number="50" hits="0" branch="false"/>
<line number="51" hits="0" branch="false"/>
<line number="54" hits="0" branch="false"/>
<line number="55" hits="0" branch="false"/>
<line number="56" hits="0" branch="false"/>
<line number="59" hits="0" branch="false"/>
<line number="62" hits="0" branch="false"/>
<line number="63" hits="0" branch="false"/>
<line number="64" hits="0" branch="false"/>
<line number="66" hits="0" branch="false"/>
<line number="67" hits="0" branch="false"/>
<line number="68" hits="0" branch="false"/>
<line number="69" hits="0" branch="false"/>
<line number="71" hits="0" branch="false"/>
<line number="72" hits="0" branch="false"/>
<line number="73" hits="0" branch="false"/>
<line number="74" hits="0" branch="false"/>
<line number="79" hits="0" branch="false"/>
<line number="80" hits="0" branch="false"/>
<line number="82" hits="0" branch="false"/>
<line number="83" hits="0" branch="false"/>
<line number="85" hits="0" branch="false"/>
<line number="86" hits="0" branch="false"/>
<line number="89" hits="0" branch="false"/>
<line number="91" hits="0" branch="false"/>
<line number="92" hits="0" branch="false"/>
<line number="96" hits="0" branch="false"/>
<line number="99" hits="0" branch="false"/>
<line number="100" hits="0" branch="false"/>
<line number="101" hits="0" branch="false"/>
<line number="102" hits="0" branch="false"/>
<line number="103" hits="0" branch="false"/>
<line number="104" hits="0" branch="false"/>
</lines>
</class>
<class name="complex" filename="@gem/complex.m" line-rate="0.000" branch-rate="0.0">
<methods></methods><lines>
<line number="6" hits="0" branch="false"/>
<line number="7" hits="0" branch="false"/>
<line number="8" hits="0" branch="false"/>
<line number="11" hits="0" branch="false"/>
</lines>
</class>
<class name="cond" filename="@gem/cond.m" line-rate="0.000" branch-rate="0.0">
<methods></methods><lines>
<line number="4" hits="0" branch="false"/>
<line number="5" hits="0" branch="false"/>
<line number="6" hits="0" branch="false"/>
</lines>
</class>
<class name="conj" filename="@gem/conj.m" line-rate="0.000" branch-rate="0.0">
<methods></methods><lines>
<line number="5" hits="0" branch="false"/>
<line number="6" hits="0" branch="false"/>
<line number="9" hits="0" branch="false"/>
</lines>
</class>
<class name="cos" filename="@gem/cos.m" line-rate="1.000" branch-rate="0.0">
<methods></methods><lines>
<line number="5" hits="20" branch="false"/>
<line number="6" hits="20" branch="false"/>
<line number="9" hits="20" branch="false"/>
</lines>
</class>
<class name="cot" filename="@gem/cot.m" line-rate="0.000" branch-rate="0.0">
<methods></methods><lines>
<line number="5" hits="0" branch="false"/>
<line number="6" hits="0" branch="false"/>
<line number="9" hits="0" branch="false"/>
</lines>
</class>
<class name="csc" filename="@gem/csc.m" line-rate="0.000" branch-rate="0.0">
<methods></methods><lines>
<line number="5" hits="0" branch="false"/>
<line number="6" hits="0" branch="false"/>
<line number="9" hits="0" branch="false"/>
</lines>
</class>
<class name="ctranspose" filename="@gem/ctranspose.m" line-rate="0.000" branch-rate="0.0">
<methods></methods><lines>
<line number="5" hits="0" branch="false"/>
<line number="6" hits="0" branch="false"/>
<line number="9" hits="0" branch="false"/>
</lines>
</class>
<class name="diag" filename="@gem/diag.m" line-rate="0.000" branch-rate="0.0">
<methods></methods><lines>
<line number="9" hits="0" branch="false"/>
<line number="10" hits="0" branch="false"/>
<line number="12" hits="0" branch="false"/>
<line number="13" hits="0" branch="false"/>
<line number="14" hits="0" branch="false"/>
<line number="19" hits="0" branch="false"/>
<line number="20" hits="0" branch="false"/>
<line number="21" hits="0" branch="false"/>
<line number="25" hits="0" branch="false"/>
<line number="26" hits="0" branch="false"/>
<line number="28" hits="0" branch="false"/>
<line number="29" hits="0" branch="false"/>
<line number="33" hits="0" branch="false"/>
<line number="34" hits="0" branch="false"/>
<line number="36" hits="0" branch="false"/>
<line number="37" hits="0" branch="false"/>
<line number="42" hits="0" branch="false"/>
<line number="43" hits="0" branch="false"/>
<line number="48" hits="0" branch="false"/>
</lines>
</class>
<class name="diff" filename="@gem/diff.m" line-rate="0.000" branch-rate="0.0">
<methods></methods><lines>
<line number="9" hits="0" branch="false"/>
<line number="10" hits="0" branch="false"/>
<line number="11" hits="0" branch="false"/>
<line number="13" hits="0" branch="false"/>
<line number="16" hits="0" branch="false"/>
<line number="17" hits="0" branch="false"/>
<line number="21" hits="0" branch="false"/>
<line number="22" hits="0" branch="false"/>
<line number="24" hits="0" branch="false"/>
<line number="25" hits="0" branch="false"/>
<line number="32" hits="0" branch="false"/>
<line number="33" hits="0" branch="false"/>
<line number="34" hits="0" branch="false"/>
<line number="37" hits="0" branch="false"/>
<line number="38" hits="0" branch="false"/>
<line number="39" hits="0" branch="false"/>
<line number="42" hits="0" branch="false"/>
<line number="43" hits="0" branch="false"/>
<line number="46" hits="0" branch="false"/>
<line number="47" hits="0" branch="false"/>
<line number="48" hits="0" branch="false"/>
<line number="49" hits="0" branch="false"/>
<line number="50" hits="0" branch="false"/>
<line number="51" hits="0" branch="false"/>
<line number="53" hits="0" branch="false"/>
<line number="54" hits="0" branch="false"/>
<line number="55" hits="0" branch="false"/>
<line number="56" hits="0" branch="false"/>
<line number="57" hits="0" branch="false"/>
</lines>
</class>
<class name="disp" filename="@gem/disp.m" line-rate="0.000" branch-rate="0.0">
<methods></methods><lines>
<line number="10" hits="0" branch="false"/>
<line number="13" hits="0" branch="false"/>
<line number="14" hits="0" branch="false"/>
<line number="17" hits="0" branch="false"/>
<line number="18" hits="0" branch="false"/>
<line number="19" hits="0" branch="false"/>
</lines>
</class>
<class name="display" filename="@gem/display.m" line-rate="0.000" branch-rate="0.0">
<methods></methods><lines>
<line number="12" hits="0" branch="false"/>
<line number="15" hits="0" branch="false"/>
<line number="16" hits="0" branch="false"/>
<line number="17" hits="0" branch="false"/>
<line number="18" hits="0" branch="false"/>
<line number="21" hits="0" branch="false"/>
<line number="22" hits="0" branch="false"/>
<line number="23" hits="0" branch="false"/>
<line number="28" hits="0" branch="false"/>
<line number="29" hits="0" branch="false"/>
<line number="30" hits="0" branch="false"/>
<line number="33" hits="0" branch="false"/>
<line number="36" hits="0" branch="false"/>
<line number="37" hits="0" branch="false"/>
<line number="38" hits="0" branch="false"/>
</lines>
</class>
<class name="double" filename="@gem/double.m" line-rate="1.000" branch-rate="0.0">
<methods></methods><lines>
<line number="3" hits="2" branch="false"/>
<line number="4" hits="2" branch="false"/>
</lines>
</class>
<class name="eig" filename="@gem/eig.m" line-rate="0.000" branch-rate="0.0">
<methods></methods><lines>
<line number="8" hits="0" branch="false"/>
<line number="9" hits="0" branch="false"/>
<line number="13" hits="0" branch="false"/>
<line number="15" hits="0" branch="false"/>
<line number="16" hits="0" branch="false"/>
<line number="19" hits="0" branch="false"/>
<line number="20" hits="0" branch="false"/>
<line number="23" hits="0" branch="false"/>
<line number="24" hits="0" branch="false"/>
<line number="28" hits="0" branch="false"/>
<line number="38" hits="0" branch="false"/>
<line number="39" hits="0" branch="false"/>
<line number="43" hits="0" branch="false"/>
</lines>
</class>
<class name="eigs" filename="@gem/eigs.m" line-rate="0.000" branch-rate="0.0">
<methods></methods><lines>
<line number="21" hits="0" branch="false"/>
<line number="22" hits="0" branch="false"/>
<line number="25" hits="0" branch="false"/>
<line number="26" hits="0" branch="false"/>
<line number="30" hits="0" branch="false"/>
<line number="34" hits="0" branch="false"/>
<line number="35" hits="0" branch="false"/>
<line number="37" hits="0" branch="false"/>
<line number="41" hits="0" branch="false"/>
<line number="42" hits="0" branch="false"/>
<line number="46" hits="0" branch="false"/>
<line number="47" hits="0" branch="false"/>
<line number="48" hits="0" branch="false"/>
<line number="49" hits="0" branch="false"/>
<line number="50" hits="0" branch="false"/>
<line number="53" hits="0" branch="false"/>
<line number="56" hits="0" branch="false"/>
<line number="66" hits="0" branch="false"/>
<line number="67" hits="0" branch="false"/>
<line number="70" hits="0" branch="false"/>
<line number="71" hits="0" branch="false"/>
<line number="73" hits="0" branch="false"/>
<line number="74" hits="0" branch="false"/>
<line number="79" hits="0" branch="false"/>
<line number="80" hits="0" branch="false"/>
<line number="83" hits="0" branch="false"/>
<line number="84" hits="0" branch="false"/>
<line number="85" hits="0" branch="false"/>
<line number="90" hits="0" branch="false"/>
<line number="91" hits="0" branch="false"/>
<line number="94" hits="0" branch="false"/>
<line number="95" hits="0" branch="false"/>
<line number="96" hits="0" branch="false"/>
<line number="97" hits="0" branch="false"/>
<line number="98" hits="0" branch="false"/>
<line number="99" hits="0" branch="false"/>
<line number="100" hits="0" branch="false"/>
<line number="101" hits="0" branch="false"/>
<line number="102" hits="0" branch="false"/>
<line number="103" hits="0" branch="false"/>
<line number="104" hits="0" branch="false"/>
<line number="105" hits="0" branch="false"/>
<line number="107" hits="0" branch="false"/>
<line number="108" hits="0" branch="false"/>
<line number="109" hits="0" branch="false"/>
<line number="110" hits="0" branch="false"/>
<line number="111" hits="0" branch="false"/>
<line number="112" hits="0" branch="false"/>
<line number="115" hits="0" branch="false"/>
<line number="118" hits="0" branch="false"/>
<line number="119" hits="0" branch="false"/>
<line number="120" hits="0" branch="false"/>
<line number="121" hits="0" branch="false"/>
<line number="122" hits="0" branch="false"/>
<line number="124" hits="0" branch="false"/>
<line number="125" hits="0" branch="false"/>
<line number="126" hits="0" branch="false"/>
<line number="129" hits="0" branch="false"/>
<line number="133" hits="0" branch="false"/>
<line number="135" hits="0" branch="false"/>
<line number="136" hits="0" branch="false"/>
<line number="140" hits="0" branch="false"/>
<line number="141" hits="0" branch="false"/>
<line number="147" hits="0" branch="false"/>
<line number="151" hits="0" branch="false"/>
<line number="152" hits="0" branch="false"/>
<line number="153" hits="0" branch="false"/>
<line number="154" hits="0" branch="false"/>
<line number="155" hits="0" branch="false"/>
<line number="157" hits="0" branch="false"/>
<line number="158" hits="0" branch="false"/>
<line number="160" hits="0" branch="false"/>
<line number="162" hits="0" branch="false"/>
<line number="163" hits="0" branch="false"/>
<line number="169" hits="0" branch="false"/>
<line number="170" hits="0" branch="false"/>
<line number="171" hits="0" branch="false"/>
<line number="176" hits="0" branch="false"/>
<line number="177" hits="0" branch="false"/>
<line number="178" hits="0" branch="false"/>
<line number="180" hits="0" branch="false"/>
<line number="182" hits="0" branch="false"/>
<line number="186" hits="0" branch="false"/>
<line number="187" hits="0" branch="false"/>
<line number="188" hits="0" branch="false"/>
<line number="191" hits="0" branch="false"/>
<line number="192" hits="0" branch="false"/>
<line number="196" hits="0" branch="false"/>
<line number="198" hits="0" branch="false"/>
<line number="199" hits="0" branch="false"/>
<line number="200" hits="0" branch="false"/>
<line number="201" hits="0" branch="false"/>
<line number="206" hits="0" branch="false"/>
</lines>
</class>
<class name="end" filename="@gem/end.m" line-rate="0.000" branch-rate="0.0">
<methods></methods><lines>
<line number="4" hits="0" branch="false"/>
<line number="6" hits="0" branch="false"/>
<line number="9" hits="0" branch="false"/>
<line number="10" hits="0" branch="false"/>
<line number="12" hits="0" branch="false"/>
<line number="13" hits="0" branch="false"/>
</lines>
</class>
<class name="eq" filename="@gem/eq.m" line-rate="0.000" branch-rate="0.0">
<methods></methods><lines>
<line number="5" hits="0" branch="false"/>
<line number="6" hits="0" branch="false"/>
<line number="12" hits="0" branch="false"/>
<line number="13" hits="0" branch="false"/>
<line number="15" hits="0" branch="false"/>
<line number="16" hits="0" branch="false"/>
<line number="20" hits="0" branch="false"/>
<line number="21" hits="0" branch="false"/>
<line number="23" hits="0" branch="false"/>
<line number="24" hits="0" branch="false"/>
<line number="28" hits="0" branch="false"/>
<line number="29" hits="0" branch="false"/>
<line number="31" hits="0" branch="false"/>
<line number="32" hits="0" branch="false"/>
<line number="39" hits="0" branch="false"/>
<line number="40" hits="0" branch="false"/>
<line number="42" hits="0" branch="false"/>
<line number="43" hits="0" branch="false"/>
<line number="44" hits="0" branch="false"/>
<line number="48" hits="0" branch="false"/>
<line number="49" hits="0" branch="false"/>
<line number="50" hits="0" branch="false"/>
<line number="51" hits="0" branch="false"/>
<line number="53" hits="0" branch="false"/>
<line number="54" hits="0" branch="false"/>
<line number="55" hits="0" branch="false"/>
<line number="59" hits="0" branch="false"/>
<line number="60" hits="0" branch="false"/>
</lines>
</class>
<class name="exp" filename="@gem/exp.m" line-rate="0.000" branch-rate="0.0">
<methods></methods><lines>
<line number="5" hits="0" branch="false"/>
<line number="6" hits="0" branch="false"/>
<line number="9" hits="0" branch="false"/>
</lines>
</class>
<class name="find" filename="@gem/find.m" line-rate="0.000" branch-rate="0.0">
<methods></methods><lines>
<line number="14" hits="0" branch="false"/>
<line number="15" hits="0" branch="false"/>
<line number="17" hits="0" branch="false"/>
<line number="18" hits="0" branch="false"/>
<line number="21" hits="0" branch="false"/>
<line number="22" hits="0" branch="false"/>
<line number="24" hits="0" branch="false"/>
<line number="25" hits="0" branch="false"/>
<line number="27" hits="0" branch="false"/>
<line number="29" hits="0" branch="false"/>
<line number="30" hits="0" branch="false"/>
<line number="31" hits="0" branch="false"/>
<line number="32" hits="0" branch="false"/>
<line number="33" hits="0" branch="false"/>
<line number="34" hits="0" branch="false"/>
<line number="36" hits="0" branch="false"/>
<line number="37" hits="0" branch="false"/>
<line number="38" hits="0" branch="false"/>
<line number="43" hits="0" branch="false"/>
<line number="44" hits="0" branch="false"/>
<line number="45" hits="0" branch="false"/>
<line number="46" hits="0" branch="false"/>
<line number="48" hits="0" branch="false"/>
<line number="50" hits="0" branch="false"/>
</lines>
</class>
<class name="fix" filename="@gem/fix.m" line-rate="0.000" branch-rate="0.0">
<methods></methods><lines>
<line number="5" hits="0" branch="false"/>
<line number="6" hits="0" branch="false"/>
<line number="9" hits="0" branch="false"/>
</lines>
</class>
<class name="floor" filename="@gem/floor.m" line-rate="0.000" branch-rate="0.0">
<methods></methods><lines>
<line number="5" hits="0" branch="false"/>
<line number="6" hits="0" branch="false"/>
<line number="9" hits="0" branch="false"/>
</lines>
</class>
<class name="full" filename="@gem/full.m" line-rate="0.000" branch-rate="0.0">
<methods></methods><lines>
<line number="4" hits="0" branch="false"/>
</lines>
</class>
<class name="ge" filename="@gem/ge.m" line-rate="0.000" branch-rate="0.0">
<methods></methods><lines>
<line number="7" hits="0" branch="false"/>
<line number="8" hits="0" branch="false"/>
<line number="14" hits="0" branch="false"/>
<line number="15" hits="0" branch="false"/>
<line number="17" hits="0" branch="false"/>
<line number="18" hits="0" branch="false"/>
<line number="22" hits="0" branch="false"/>
<line number="23" hits="0" branch="false"/>
<line number="25" hits="0" branch="false"/>
<line number="26" hits="0" branch="false"/>
<line number="30" hits="0" branch="false"/>
<line number="31" hits="0" branch="false"/>
<line number="33" hits="0" branch="false"/>
<line number="34" hits="0" branch="false"/>
<line number="41" hits="0" branch="false"/>
<line number="42" hits="0" branch="false"/>
<line number="44" hits="0" branch="false"/>
<line number="45" hits="0" branch="false"/>
<line number="46" hits="0" branch="false"/>
<line number="50" hits="0" branch="false"/>
<line number="51" hits="0" branch="false"/>
<line number="52" hits="0" branch="false"/>
<line number="53" hits="0" branch="false"/>
<line number="55" hits="0" branch="false"/>
<line number="56" hits="0" branch="false"/>
<line number="57" hits="0" branch="false"/>
<line number="61" hits="0" branch="false"/>
<line number="62" hits="0" branch="false"/>
</lines>
</class>
<class name="gem" filename="@gem/gem.m" line-rate="0.247" branch-rate="0.0">
<methods></methods><lines>
<line number="67" hits="361" branch="false"/>
<line number="72" hits="361" branch="false"/>
<line number="73" hits="361" branch="false"/>
<line number="75" hits="0" branch="false"/>
<line number="79" hits="195" branch="false"/>
<line number="83" hits="0" branch="false"/>
<line number="84" hits="0" branch="false"/>
<line number="88" hits="20" branch="false"/>
<line number="89" hits="20" branch="false"/>
<line number="100" hits="173" branch="false"/>
<line number="104" hits="0" branch="false"/>
<line number="105" hits="0" branch="false"/>
<line number="106" hits="0" branch="false"/>
<line number="108" hits="0" branch="false"/>
<line number="110" hits="173" branch="false"/>
<line number="111" hits="10" branch="false"/>
<line number="113" hits="173" branch="false"/>
<line number="121" hits="2" branch="false"/>
<line number="123" hits="0" branch="false"/>
<line number="124" hits="0" branch="false"/>
<line number="125" hits="0" branch="false"/>
<line number="127" hits="2" branch="false"/>
<line number="128" hits="2" branch="false"/>
<line number="129" hits="2" branch="false"/>
<line number="131" hits="0" branch="false"/>
<line number="132" hits="0" branch="false"/>
<line number="134" hits="0" branch="false"/>
<line number="135" hits="0" branch="false"/>
<line number="136" hits="0" branch="false"/>
<line number="138" hits="0" branch="false"/>
<line number="139" hits="0" branch="false"/>
<line number="140" hits="0" branch="false"/>
<line number="146" hits="0" branch="false"/>
<line number="147" hits="0" branch="false"/>
<line number="148" hits="0" branch="false"/>
<line number="149" hits="0" branch="false"/>
<line number="154" hits="0" branch="false"/>
<line number="155" hits="0" branch="false"/>
<line number="158" hits="0" branch="false"/>
<line number="159" hits="0" branch="false"/>
<line number="163" hits="0" branch="false"/>
<line number="164" hits="0" branch="false"/>
<line number="168" hits="0" branch="false"/>
<line number="169" hits="0" branch="false"/>
<line number="173" hits="0" branch="false"/>
<line number="175" hits="0" branch="false"/>
<line number="179" hits="0" branch="false"/>
<line number="180" hits="0" branch="false"/>
<line number="181" hits="0" branch="false"/>
<line number="182" hits="0" branch="false"/>
<line number="187" hits="0" branch="false"/>
<line number="188" hits="0" branch="false"/>
<line number="191" hits="0" branch="false"/>
<line number="192" hits="0" branch="false"/>
<line number="197" hits="0" branch="false"/>
<line number="198" hits="0" branch="false"/>
<line number="203" hits="0" branch="false"/>
<line number="204" hits="0" branch="false"/>
<line number="205" hits="0" branch="false"/>
<line number="206" hits="0" branch="false"/>
<line number="208" hits="0" branch="false"/>
<line number="210" hits="0" branch="false"/>
<line number="215" hits="0" branch="false"/>
<line number="217" hits="0" branch="false"/>
<line number="220" hits="166" branch="false"/>
<line number="228" hits="166" branch="false"/>
<line number="229" hits="166" branch="false"/>
<line number="230" hits="0" branch="false"/>
<line number="235" hits="166" branch="false"/>
<line number="239" hits="166" branch="false"/>
<line number="240" hits="0" branch="false"/>
<line number="241" hits="0" branch="false"/>
<line number="250" hits="0" branch="false"/>
<line number="251" hits="0" branch="false"/>
<line number="255" hits="0" branch="false"/>
<line number="258" hits="0" branch="false"/>
<line number="262" hits="0" branch="false"/>
<line number="265" hits="0" branch="false"/>
<line number="268" hits="0" branch="false"/>
<line number="271" hits="0" branch="false"/>
<line number="273" hits="0" branch="false"/>
<line number="276" hits="0" branch="false"/>
<line number="284" hits="361" branch="false"/>
<line number="285" hits="361" branch="false"/>
<line number="286" hits="361" branch="false"/>
<line number="295" hits="0" branch="false"/>
<line number="303" hits="0" branch="false"/>
<line number="305" hits="0" branch="false"/>
<line number="306" hits="0" branch="false"/>
<line number="309" hits="0" branch="false"/>
<line number="314" hits="0" branch="false"/>
<line number="316" hits="0" branch="false"/>
<line number="327" hits="211" branch="false"/>
<line number="328" hits="211" branch="false"/>
<line number="329" hits="1" branch="false"/>
<line number="331" hits="1" branch="false"/>
<line number="333" hits="211" branch="false"/>
<line number="334" hits="6" branch="false"/>
<line number="335" hits="0" branch="false"/>
<line number="337" hits="6" branch="false"/>
<line number="340" hits="6" branch="false"/>
<line number="342" hits="211" branch="false"/>
<line number="347" hits="9" branch="false"/>
<line number="348" hits="9" branch="false"/>
<line number="349" hits="1" branch="false"/>
<line number="351" hits="9" branch="false"/>
<line number="352" hits="4" branch="false"/>
<line number="353" hits="3" branch="false"/>
<line number="357" hits="1" branch="false"/>
<line number="360" hits="9" branch="false"/>
<line number="372" hits="0" branch="false"/>
<line number="379" hits="0" branch="false"/>
<line number="380" hits="0" branch="false"/>
<line number="381" hits="0" branch="false"/>
<line number="382" hits="0" branch="false"/>
<line number="383" hits="0" branch="false"/>
<line number="386" hits="0" branch="false"/>
<line number="387" hits="0" branch="false"/>
<line number="388" hits="0" branch="false"/>
<line number="391" hits="0" branch="false"/>
<line number="394" hits="0" branch="false"/>
<line number="401" hits="0" branch="false"/>
<line number="402" hits="0" branch="false"/>
<line number="403" hits="0" branch="false"/>
<line number="406" hits="0" branch="false"/>
<line number="410" hits="0" branch="false"/>
<line number="412" hits="0" branch="false"/>
<line number="415" hits="0" branch="false"/>
<line number="418" hits="0" branch="false"/>
<line number="420" hits="0" branch="false"/>
<line number="421" hits="0" branch="false"/>
<line number="423" hits="0" branch="false"/>
<line number="424" hits="0" branch="false"/>
<line number="426" hits="0" branch="false"/>
<line number="434" hits="0" branch="false"/>
<line number="435" hits="0" branch="false"/>
<line number="436" hits="0" branch="false"/>
<line number="437" hits="0" branch="false"/>
<line number="438" hits="0" branch="false"/>
<line number="440" hits="0" branch="false"/>
<line number="441" hits="0" branch="false"/>
<line number="443" hits="0" branch="false"/>
<line number="455" hits="0" branch="false"/>
<line number="456" hits="0" branch="false"/>
<line number="457" hits="0" branch="false"/>
<line number="461" hits="0" branch="false"/>
<line number="462" hits="0" branch="false"/>
<line number="465" hits="0" branch="false"/>
<line number="466" hits="0" branch="false"/>
<line number="467" hits="0" branch="false"/>
<line number="469" hits="0" branch="false"/>
<line number="470" hits="0" branch="false"/>
<line number="474" hits="0" branch="false"/>
<line number="475" hits="0" branch="false"/>
<line number="480" hits="0" branch="false"/>
<line number="481" hits="0" branch="false"/>
<line number="488" hits="0" branch="false"/>
<line number="489" hits="0" branch="false"/>
<line number="490" hits="0" branch="false"/>
<line number="491" hits="0" branch="false"/>
<line number="492" hits="0" branch="false"/>
<line number="495" hits="0" branch="false"/>
<line number="498" hits="0" branch="false"/>
<line number="507" hits="0" branch="false"/>
<line number="508" hits="0" branch="false"/>
<line number="509" hits="0" branch="false"/>
<line number="513" hits="0" branch="false"/>
<line number="515" hits="0" branch="false"/>
<line number="517" hits="0" branch="false"/>
<line number="519" hits="0" branch="false"/>
<line number="522" hits="0" branch="false"/>
<line number="527" hits="361" branch="false"/>
<line number="528" hits="361" branch="false"/>
<line number="532" hits="1" branch="false"/>
<line number="533" hits="0" branch="false"/>
<line number="534" hits="0" branch="false"/>
<line number="536" hits="1" branch="false"/>
<line number="539" hits="361" branch="false"/>
</lines>
</class>
<class name="getDisplayPrecision" filename="@gem/getDisplayPrecision.m" line-rate="1.000" branch-rate="0.0">
<methods></methods><lines>
<line number="3" hits="5" branch="false"/>
</lines>
</class>
<class name="getWorkingPrecision" filename="@gem/getWorkingPrecision.m" line-rate="1.000" branch-rate="0.0">
<methods></methods><lines>
<line number="3" hits="205" branch="false"/>
</lines>
</class>
<class name="gt" filename="@gem/gt.m" line-rate="0.571" branch-rate="0.0">
<methods></methods><lines>
<line number="7" hits="1" branch="false"/>
<line number="8" hits="0" branch="false"/>
<line number="14" hits="1" branch="false"/>
<line number="15" hits="1" branch="false"/>
<line number="17" hits="1" branch="false"/>
<line number="18" hits="0" branch="false"/>
<line number="22" hits="1" branch="false"/>
<line number="23" hits="0" branch="false"/>
<line number="25" hits="1" branch="false"/>
<line number="26" hits="1" branch="false"/>
<line number="30" hits="1" branch="false"/>
<line number="31" hits="0" branch="false"/>
<line number="33" hits="1" branch="false"/>
<line number="34" hits="0" branch="false"/>
<line number="41" hits="1" branch="false"/>
<line number="42" hits="1" branch="false"/>
<line number="44" hits="0" branch="false"/>
<line number="45" hits="0" branch="false"/>
<line number="46" hits="0" branch="false"/>
<line number="50" hits="1" branch="false"/>
<line number="51" hits="1" branch="false"/>
<line number="52" hits="1" branch="false"/>
<line number="53" hits="1" branch="false"/>
<line number="55" hits="0" branch="false"/>
<line number="56" hits="0" branch="false"/>
<line number="57" hits="0" branch="false"/>
<line number="61" hits="1" branch="false"/>
<line number="62" hits="0" branch="false"/>
</lines>
</class>
<class name="horzcat" filename="@gem/horzcat.m" line-rate="0.000" branch-rate="0.0">
<methods></methods><lines>
<line number="5" hits="0" branch="false"/>
<line number="6" hits="0" branch="false"/>
<line number="7" hits="0" branch="false"/>
<line number="8" hits="0" branch="false"/>
<line number="10" hits="0" branch="false"/>
<line number="15" hits="0" branch="false"/>
<line number="16" hits="0" branch="false"/>
<line number="17" hits="0" branch="false"/>
<line number="19" hits="0" branch="false"/>
<line number="20" hits="0" branch="false"/>
<line number="24" hits="0" branch="false"/>
<line number="25" hits="0" branch="false"/>
<line number="26" hits="0" branch="false"/>
<line number="27" hits="0" branch="false"/>
<line number="31" hits="0" branch="false"/>
<line number="32" hits="0" branch="false"/>
<line number="34" hits="0" branch="false"/>
<line number="35" hits="0" branch="false"/>
<line number="39" hits="0" branch="false"/>
<line number="40" hits="0" branch="false"/>
<line number="42" hits="0" branch="false"/>
<line number="43" hits="0" branch="false"/>
<line number="47" hits="0" branch="false"/>
<line number="48" hits="0" branch="false"/>
<line number="49" hits="0" branch="false"/>
<line number="50" hits="0" branch="false"/>
<line number="51" hits="0" branch="false"/>
<line number="53" hits="0" branch="false"/>
<line number="54" hits="0" branch="false"/>
<line number="55" hits="0" branch="false"/>
<line number="56" hits="0" branch="false"/>
</lines>
</class>
<class name="imag" filename="@gem/imag.m" line-rate="0.000" branch-rate="0.0">
<methods></methods><lines>
<line number="5" hits="0" branch="false"/>
<line number="6" hits="0" branch="false"/>
<line number="9" hits="0" branch="false"/>
</lines>
</class>
<class name="inv" filename="@gem/inv.m" line-rate="0.000" branch-rate="0.0">
<methods></methods><lines>
<line number="4" hits="0" branch="false"/>
<line number="5" hits="0" branch="false"/>
<line number="9" hits="0" branch="false"/>
<line number="10" hits="0" branch="false"/>
<line number="11" hits="0" branch="false"/>
<line number="12" hits="0" branch="false"/>
<line number="17" hits="0" branch="false"/>
<line number="18" hits="0" branch="false"/>
<line number="21" hits="0" branch="false"/>
</lines>
</class>
<class name="isempty" filename="@gem/isempty.m" line-rate="0.000" branch-rate="0.0">
<methods></methods><lines>
<line number="4" hits="0" branch="false"/>
</lines>
</class>
<class name="isequal" filename="@gem/isequal.m" line-rate="0.478" branch-rate="0.0">
<methods></methods><lines>
<line number="9" hits="3" branch="false"/>
<line number="10" hits="0" branch="false"/>
<line number="15" hits="3" branch="false"/>
<line number="16" hits="0" branch="false"/>
<line number="17" hits="0" branch="false"/>
<line number="18" hits="0" branch="false"/>
<line number="20" hits="0" branch="false"/>
<line number="21" hits="0" branch="false"/>
<line number="26" hits="3" branch="false"/>
<line number="27" hits="2" branch="false"/>
<line number="28" hits="2" branch="false"/>
<line number="32" hits="1" branch="false"/>
<line number="33" hits="0" branch="false"/>
<line number="34" hits="0" branch="false"/>
<line number="44" hits="1" branch="false"/>
<line number="45" hits="0" branch="false"/>
<line number="47" hits="0" branch="false"/>
<line number="51" hits="1" branch="false"/>
<line number="52" hits="0" branch="false"/>
<line number="53" hits="0" branch="false"/>
<line number="57" hits="1" branch="false"/>
<line number="58" hits="1" branch="false"/>
<line number="59" hits="1" branch="false"/>
</lines>
</class>
<class name="isequaln" filename="@gem/isequaln.m" line-rate="0.000" branch-rate="0.0">
<methods></methods><lines>
<line number="10" hits="0" branch="false"/>
<line number="11" hits="0" branch="false"/>
<line number="16" hits="0" branch="false"/>
<line number="17" hits="0" branch="false"/>
<line number="18" hits="0" branch="false"/>
<line number="19" hits="0" branch="false"/>
<line number="21" hits="0" branch="false"/>
<line number="22" hits="0" branch="false"/>
<line number="27" hits="0" branch="false"/>
<line number="28" hits="0" branch="false"/>
<line number="29" hits="0" branch="false"/>
<line number="33" hits="0" branch="false"/>
<line number="34" hits="0" branch="false"/>
<line number="35" hits="0" branch="false"/>
<line number="45" hits="0" branch="false"/>
<line number="46" hits="0" branch="false"/>
<line number="48" hits="0" branch="false"/>
<line number="52" hits="0" branch="false"/>
<line number="53" hits="0" branch="false"/>
<line number="54" hits="0" branch="false"/>
<line number="58" hits="0" branch="false"/>
<line number="59" hits="0" branch="false"/>
<line number="60" hits="0" branch="false"/>
</lines>
</class>
<class name="isfinite" filename="@gem/isfinite.m" line-rate="0.000" branch-rate="0.0">
<methods></methods><lines>
<line number="4" hits="0" branch="false"/>
</lines>
</class>
<class name="isfloat" filename="@gem/isfloat.m" line-rate="0.000" branch-rate="0.0">
<methods></methods><lines>
<line number="4" hits="0" branch="false"/>
</lines>
</class>
<class name="ishermitian" filename="@gem/ishermitian.m" line-rate="0.000" branch-rate="0.0">
<methods></methods><lines>
<line number="4" hits="0" branch="false"/>
<line number="5" hits="0" branch="false"/>
</lines>
</class>
<class name="isinf" filename="@gem/isinf.m" line-rate="0.000" branch-rate="0.0">
<methods></methods><lines>
<line number="4" hits="0" branch="false"/>
<line number="5" hits="0" branch="false"/>
</lines>
</class>
<class name="isinteger" filename="@gem/isinteger.m" line-rate="0.000" branch-rate="0.0">
<methods></methods><lines>
<line number="4" hits="0" branch="false"/>
</lines>
</class>
<class name="isnan" filename="@gem/isnan.m" line-rate="0.000" branch-rate="0.0">
<methods></methods><lines>
<line number="4" hits="0" branch="false"/>
<line number="5" hits="0" branch="false"/>
</lines>
</class>
<class name="isnumeric" filename="@gem/isnumeric.m" line-rate="1.000" branch-rate="0.0">
<methods></methods><lines>
<line number="4" hits="82" branch="false"/>
</lines>
</class>
<class name="isreal" filename="@gem/isreal.m" line-rate="1.000" branch-rate="0.0">
<methods></methods><lines>
<line number="4" hits="2" branch="false"/>
<line number="5" hits="2" branch="false"/>
</lines>
</class>
<class name="issorted" filename="@gem/issorted.m" line-rate="0.000" branch-rate="0.0">
<methods></methods><lines>
<line number="7" hits="0" branch="false"/>
<line number="8" hits="0" branch="false"/>
<line number="9" hits="0" branch="false"/>
<line number="11" hits="0" branch="false"/>
<line number="13" hits="0" branch="false"/>
<line number="14" hits="0" branch="false"/>
<line number="16" hits="0" branch="false"/>
</lines>
</class>
<class name="issparse" filename="@gem/issparse.m" line-rate="1.000" branch-rate="0.0">
<methods></methods><lines>
<line number="4" hits="25" branch="false"/>
</lines>
</class>
<class name="issymmetric" filename="@gem/issymmetric.m" line-rate="0.000" branch-rate="0.0">
<methods></methods><lines>
<line number="4" hits="0" branch="false"/>
<line number="5" hits="0" branch="false"/>
</lines>
</class>
<class name="kron" filename="@gem/kron.m" line-rate="0.000" branch-rate="0.0">
<methods></methods><lines>
<line number="5" hits="0" branch="false"/>
<line number="6" hits="0" branch="false"/>
<line number="11" hits="0" branch="false"/>
<line number="12" hits="0" branch="false"/>
<line number="13" hits="0" branch="false"/>
<line number="14" hits="0" branch="false"/>
<line number="16" hits="0" branch="false"/>
<line number="21" hits="0" branch="false"/>
<line number="22" hits="0" branch="false"/>
<line number="24" hits="0" branch="false"/>
<line number="25" hits="0" branch="false"/>
<line number="31" hits="0" branch="false"/>
<line number="32" hits="0" branch="false"/>
<line number="33" hits="0" branch="false"/>
<line number="34" hits="0" branch="false"/>
<line number="35" hits="0" branch="false"/>
<line number="36" hits="0" branch="false"/>
<line number="38" hits="0" branch="false"/>
<line number="39" hits="0" branch="false"/>
<line number="40" hits="0" branch="false"/>
<line number="41" hits="0" branch="false"/>
<line number="45" hits="0" branch="false"/>
<line number="46" hits="0" branch="false"/>
<line number="47" hits="0" branch="false"/>
<line number="48" hits="0" branch="false"/>
<line number="49" hits="0" branch="false"/>
<line number="51" hits="0" branch="false"/>
<line number="52" hits="0" branch="false"/>
<line number="53" hits="0" branch="false"/>
<line number="54" hits="0" branch="false"/>
</lines>
</class>
<class name="ldivide" filename="@gem/ldivide.m" line-rate="0.000" branch-rate="0.0">
<methods></methods><lines>
<line number="3" hits="0" branch="false"/>
<line number="4" hits="0" branch="false"/>
<line number="9" hits="0" branch="false"/>
<line number="10" hits="0" branch="false"/>
<line number="11" hits="0" branch="false"/>
<line number="15" hits="0" branch="false"/>
</lines>
</class>
<class name="le" filename="@gem/le.m" line-rate="0.000" branch-rate="0.0">
<methods></methods><lines>
<line number="7" hits="0" branch="false"/>
<line number="8" hits="0" branch="false"/>
<line number="14" hits="0" branch="false"/>
<line number="15" hits="0" branch="false"/>
<line number="17" hits="0" branch="false"/>
<line number="18" hits="0" branch="false"/>
<line number="22" hits="0" branch="false"/>
<line number="23" hits="0" branch="false"/>
<line number="25" hits="0" branch="false"/>
<line number="26" hits="0" branch="false"/>
<line number="30" hits="0" branch="false"/>
<line number="31" hits="0" branch="false"/>
<line number="33" hits="0" branch="false"/>
<line number="34" hits="0" branch="false"/>
<line number="41" hits="0" branch="false"/>
<line number="42" hits="0" branch="false"/>
<line number="44" hits="0" branch="false"/>
<line number="45" hits="0" branch="false"/>
<line number="46" hits="0" branch="false"/>
<line number="50" hits="0" branch="false"/>
<line number="51" hits="0" branch="false"/>
<line number="52" hits="0" branch="false"/>
<line number="53" hits="0" branch="false"/>
<line number="55" hits="0" branch="false"/>
<line number="56" hits="0" branch="false"/>
<line number="57" hits="0" branch="false"/>
<line number="61" hits="0" branch="false"/>
<line number="62" hits="0" branch="false"/>
</lines>
</class>
<class name="length" filename="@gem/length.m" line-rate="0.000" branch-rate="0.0">
<methods></methods><lines>
<line number="3" hits="0" branch="false"/>
<line number="4" hits="0" branch="false"/>
</lines>
</class>
<class name="log" filename="@gem/log.m" line-rate="0.000" branch-rate="0.0">
<methods></methods><lines>
<line number="5" hits="0" branch="false"/>
<line number="6" hits="0" branch="false"/>
<line number="9" hits="0" branch="false"/>
</lines>
</class>
<class name="log10" filename="@gem/log10.m" line-rate="0.000" branch-rate="0.0">
<methods></methods><lines>
<line number="5" hits="0" branch="false"/>
<line number="6" hits="0" branch="false"/>
<line number="9" hits="0" branch="false"/>
<line number="16" hits="0" branch="false"/>
</lines>
</class>
<class name="log2" filename="@gem/log2.m" line-rate="0.000" branch-rate="0.0">
<methods></methods><lines>
<line number="5" hits="0" branch="false"/>
<line number="6" hits="0" branch="false"/>
<line number="9" hits="0" branch="false"/>
<line number="16" hits="0" branch="false"/>
</lines>
</class>
<class name="logical" filename="@gem/logical.m" line-rate="0.000" branch-rate="0.0">
<methods></methods><lines>
<line number="4" hits="0" branch="false"/>
<line number="5" hits="0" branch="false"/>
<line number="8" hits="0" branch="false"/>
</lines>
</class>
<class name="lt" filename="@gem/lt.m" line-rate="0.571" branch-rate="0.0">
<methods></methods><lines>
<line number="7" hits="2" branch="false"/>
<line number="8" hits="0" branch="false"/>
<line number="14" hits="2" branch="false"/>
<line number="15" hits="2" branch="false"/>
<line number="17" hits="2" branch="false"/>
<line number="18" hits="0" branch="false"/>
<line number="22" hits="2" branch="false"/>
<line number="23" hits="0" branch="false"/>
<line number="25" hits="2" branch="false"/>
<line number="26" hits="2" branch="false"/>
<line number="30" hits="2" branch="false"/>
<line number="31" hits="0" branch="false"/>
<line number="33" hits="2" branch="false"/>
<line number="34" hits="0" branch="false"/>
<line number="41" hits="2" branch="false"/>
<line number="42" hits="2" branch="false"/>
<line number="44" hits="0" branch="false"/>
<line number="45" hits="0" branch="false"/>
<line number="46" hits="0" branch="false"/>
<line number="50" hits="2" branch="false"/>
<line number="51" hits="2" branch="false"/>
<line number="52" hits="2" branch="false"/>
<line number="53" hits="2" branch="false"/>
<line number="55" hits="0" branch="false"/>
<line number="56" hits="0" branch="false"/>
<line number="57" hits="0" branch="false"/>
<line number="61" hits="2" branch="false"/>
<line number="62" hits="0" branch="false"/>
</lines>
</class>
<class name="max" filename="@gem/max.m" line-rate="0.000" branch-rate="0.0">
<methods></methods><lines>
<line number="10" hits="0" branch="false"/>
<line number="11" hits="0" branch="false"/>
<line number="15" hits="0" branch="false"/>
<line number="16" hits="0" branch="false"/>
<line number="19" hits="0" branch="false"/>
<line number="23" hits="0" branch="false"/>
<line number="24" hits="0" branch="false"/>
<line number="26" hits="0" branch="false"/>
<line number="27" hits="0" branch="false"/>
<line number="31" hits="0" branch="false"/>
<line number="32" hits="0" branch="false"/>
<line number="38" hits="0" branch="false"/>
<line number="39" hits="0" branch="false"/>
<line number="42" hits="0" branch="false"/>
<line number="43" hits="0" branch="false"/>
<line number="44" hits="0" branch="false"/>
<line number="45" hits="0" branch="false"/>
<line number="47" hits="0" branch="false"/>
<line number="48" hits="0" branch="false"/>
<line number="49" hits="0" branch="false"/>
<line number="52" hits="0" branch="false"/>
<line number="57" hits="0" branch="false"/>
<line number="60" hits="0" branch="false"/>
<line number="61" hits="0" branch="false"/>
<line number="63" hits="0" branch="false"/>
<line number="64" hits="0" branch="false"/>
<line number="67" hits="0" branch="false"/>
<line number="68" hits="0" branch="false"/>
<line number="73" hits="0" branch="false"/>
<line number="74" hits="0" branch="false"/>
<line number="75" hits="0" branch="false"/>
<line number="77" hits="0" branch="false"/>
<line number="78" hits="0" branch="false"/>
<line number="80" hits="0" branch="false"/>
<line number="83" hits="0" branch="false"/>
<line number="84" hits="0" branch="false"/>
<line number="86" hits="0" branch="false"/>
<line number="92" hits="0" branch="false"/>
<line number="93" hits="0" branch="false"/>
<line number="99" hits="0" branch="false"/>
<line number="100" hits="0" branch="false"/>
<line number="103" hits="0" branch="false"/>
<line number="104" hits="0" branch="false"/>
<line number="107" hits="0" branch="false"/>
<line number="108" hits="0" branch="false"/>
<line number="111" hits="0" branch="false"/>
<line number="112" hits="0" branch="false"/>
<line number="115" hits="0" branch="false"/>
<line number="116" hits="0" branch="false"/>
<line number="119" hits="0" branch="false"/>
<line number="120" hits="0" branch="false"/>
<line number="124" hits="0" branch="false"/>
<line number="127" hits="0" branch="false"/>
<line number="128" hits="0" branch="false"/>
<line number="129" hits="0" branch="false"/>
<line number="131" hits="0" branch="false"/>
<line number="135" hits="0" branch="false"/>
<line number="136" hits="0" branch="false"/>
<line number="137" hits="0" branch="false"/>
<line number="139" hits="0" branch="false"/>
<line number="143" hits="0" branch="false"/>
<line number="144" hits="0" branch="false"/>
</lines>
</class>
<class name="min" filename="@gem/min.m" line-rate="0.000" branch-rate="0.0">
<methods></methods><lines>
<line number="10" hits="0" branch="false"/>
<line number="11" hits="0" branch="false"/>
<line number="15" hits="0" branch="false"/>
<line number="16" hits="0" branch="false"/>
<line number="19" hits="0" branch="false"/>
<line number="23" hits="0" branch="false"/>
<line number="24" hits="0" branch="false"/>
<line number="26" hits="0" branch="false"/>
<line number="27" hits="0" branch="false"/>
<line number="31" hits="0" branch="false"/>
<line number="32" hits="0" branch="false"/>
<line number="38" hits="0" branch="false"/>
<line number="39" hits="0" branch="false"/>
<line number="42" hits="0" branch="false"/>
<line number="43" hits="0" branch="false"/>
<line number="44" hits="0" branch="false"/>
<line number="45" hits="0" branch="false"/>
<line number="47" hits="0" branch="false"/>
<line number="48" hits="0" branch="false"/>
<line number="49" hits="0" branch="false"/>
<line number="52" hits="0" branch="false"/>
<line number="57" hits="0" branch="false"/>
<line number="60" hits="0" branch="false"/>
<line number="61" hits="0" branch="false"/>
<line number="63" hits="0" branch="false"/>
<line number="64" hits="0" branch="false"/>
<line number="67" hits="0" branch="false"/>
<line number="68" hits="0" branch="false"/>
<line number="73" hits="0" branch="false"/>
<line number="74" hits="0" branch="false"/>
<line number="75" hits="0" branch="false"/>
<line number="77" hits="0" branch="false"/>
<line number="78" hits="0" branch="false"/>
<line number="80" hits="0" branch="false"/>
<line number="83" hits="0" branch="false"/>
<line number="84" hits="0" branch="false"/>
<line number="86" hits="0" branch="false"/>
<line number="92" hits="0" branch="false"/>
<line number="93" hits="0" branch="false"/>
<line number="98" hits="0" branch="false"/>
<line number="100" hits="0" branch="false"/>
<line number="101" hits="0" branch="false"/>
<line number="104" hits="0" branch="false"/>
<line number="107" hits="0" branch="false"/>
<line number="108" hits="0" branch="false"/>
<line number="109" hits="0" branch="false"/>
<line number="111" hits="0" branch="false"/>
<line number="115" hits="0" branch="false"/>
<line number="116" hits="0" branch="false"/>
<line number="117" hits="0" branch="false"/>
<line number="119" hits="0" branch="false"/>
<line number="123" hits="0" branch="false"/>
<line number="124" hits="0" branch="false"/>
</lines>
</class>
<class name="minus" filename="@gem/minus.m" line-rate="0.688" branch-rate="0.0">
<methods></methods><lines>
<line number="5" hits="23" branch="false"/>
<line number="6" hits="0" branch="false"/>
<line number="11" hits="23" branch="false"/>
<line number="12" hits="0" branch="false"/>
<line number="13" hits="0" branch="false"/>
<line number="19" hits="23" branch="false"/>
<line number="20" hits="23" branch="false"/>
<line number="22" hits="23" branch="false"/>
<line number="23" hits="0" branch="false"/>
<line number="28" hits="23" branch="false"/>
<line number="29" hits="0" branch="false"/>
<line number="31" hits="21" branch="false"/>
<line number="36" hits="23" branch="false"/>
<line number="37" hits="23" branch="false"/>
<line number="38" hits="23" branch="false"/>
<line number="41" hits="23" branch="false"/>
</lines>
</class>
<class name="mldivide" filename="@gem/mldivide.m" line-rate="0.000" branch-rate="0.0">
<methods></methods><lines>
<line number="7" hits="0" branch="false"/>
<line number="8" hits="0" branch="false"/>
<line number="13" hits="0" branch="false"/>
<line number="14" hits="0" branch="false"/>
<line number="15" hits="0" branch="false"/>
<line number="19" hits="0" branch="false"/>
<line number="20" hits="0" branch="false"/>
<line number="21" hits="0" branch="false"/>
<line number="25" hits="0" branch="false"/>
<line number="26" hits="0" branch="false"/>
<line number="30" hits="0" branch="false"/>
<line number="31" hits="0" branch="false"/>
<line number="35" hits="0" branch="false"/>
<line number="36" hits="0" branch="false"/>
<line number="37" hits="0" branch="false"/>
<line number="42" hits="0" branch="false"/>
<line number="43" hits="0" branch="false"/>
<line number="45" hits="0" branch="false"/>
<line number="46" hits="0" branch="false"/>
<line number="49" hits="0" branch="false"/>
<line number="50" hits="0" branch="false"/>
<line number="55" hits="0" branch="false"/>
<line number="56" hits="0" branch="false"/>
<line number="57" hits="0" branch="false"/>
<line number="58" hits="0" branch="false"/>
<line number="59" hits="0" branch="false"/>
<line number="62" hits="0" branch="false"/>
<line number="63" hits="0" branch="false"/>
<line number="64" hits="0" branch="false"/>
<line number="65" hits="0" branch="false"/>
<line number="66" hits="0" branch="false"/>
<line number="68" hits="0" branch="false"/>
<line number="69" hits="0" branch="false"/>
<line number="70" hits="0" branch="false"/>
<line number="71" hits="0" branch="false"/>
</lines>
</class>
<class name="mod" filename="@gem/mod.m" line-rate="0.000" branch-rate="0.0">
<methods></methods><lines>
<line number="4" hits="0" branch="false"/>
</lines>
</class>
<class name="mpower" filename="@gem/mpower.m" line-rate="0.208" branch-rate="0.0">
<methods></methods><lines>
<line number="6" hits="20" branch="false"/>
<line number="7" hits="0" branch="false"/>
<line number="10" hits="20" branch="false"/>
<line number="11" hits="0" branch="false"/>
<line number="14" hits="20" branch="false"/>
<line number="15" hits="20" branch="false"/>
<line number="16" hits="20" branch="false"/>
<line number="19" hits="0" branch="false"/>
<line number="20" hits="0" branch="false"/>
<line number="22" hits="0" branch="false"/>
<line number="26" hits="0" branch="false"/>
<line number="30" hits="0" branch="false"/>
<line number="31" hits="0" branch="false"/>
<line number="37" hits="0" branch="false"/>
<line number="38" hits="0" branch="false"/>
<line number="40" hits="0" branch="false"/>
<line number="41" hits="0" branch="false"/>
<line number="46" hits="0" branch="false"/>
<line number="47" hits="0" branch="false"/>
<line number="49" hits="0" branch="false"/>
<line number="54" hits="0" branch="false"/>
<line number="55" hits="0" branch="false"/>
<line number="56" hits="0" branch="false"/>
<line number="59" hits="0" branch="false"/>
</lines>
</class>
<class name="mrdivide" filename="@gem/mrdivide.m" line-rate="0.000" branch-rate="0.0">
<methods></methods><lines>
<line number="7" hits="0" branch="false"/>
<line number="8" hits="0" branch="false"/>
<line number="13" hits="0" branch="false"/>
<line number="14" hits="0" branch="false"/>
<line number="15" hits="0" branch="false"/>
<line number="19" hits="0" branch="false"/>
<line number="20" hits="0" branch="false"/>
<line number="21" hits="0" branch="false"/>
<line number="25" hits="0" branch="false"/>
</lines>
</class>
<class name="mtimes" filename="@gem/mtimes.m" line-rate="0.200" branch-rate="0.0">
<methods></methods><lines>
<line number="5" hits="51" branch="false"/>
<line number="6" hits="0" branch="false"/>
<line number="11" hits="51" branch="false"/>
<line number="12" hits="0" branch="false"/>
<line number="13" hits="0" branch="false"/>
<line number="19" hits="51" branch="false"/>
<line number="20" hits="51" branch="false"/>
<line number="24" hits="51" branch="false"/>
<line number="25" hits="51" branch="false"/>
<line number="26" hits="51" branch="false"/>
<line number="30" hits="0" branch="false"/>
<line number="31" hits="0" branch="false"/>
<line number="36" hits="0" branch="false"/>
<line number="37" hits="0" branch="false"/>
<line number="39" hits="0" branch="false"/>
<line number="40" hits="0" branch="false"/>
<line number="45" hits="0" branch="false"/>
<line number="46" hits="0" branch="false"/>
<line number="47" hits="0" branch="false"/>
<line number="48" hits="0" branch="false"/>
<line number="49" hits="0" branch="false"/>
<line number="50" hits="0" branch="false"/>
<line number="52" hits="0" branch="false"/>
<line number="53" hits="0" branch="false"/>
<line number="54" hits="0" branch="false"/>
<line number="55" hits="0" branch="false"/>
<line number="59" hits="0" branch="false"/>
<line number="60" hits="0" branch="false"/>
<line number="61" hits="0" branch="false"/>
<line number="62" hits="0" branch="false"/>
<line number="63" hits="0" branch="false"/>
<line number="65" hits="0" branch="false"/>
<line number="66" hits="0" branch="false"/>
<line number="67" hits="0" branch="false"/>
<line number="68" hits="0" branch="false"/>
</lines>
</class>
<class name="ne" filename="@gem/ne.m" line-rate="0.000" branch-rate="0.0">
<methods></methods><lines>
<line number="5" hits="0" branch="false"/>
<line number="6" hits="0" branch="false"/>
<line number="12" hits="0" branch="false"/>
<line number="13" hits="0" branch="false"/>
<line number="15" hits="0" branch="false"/>
<line number="16" hits="0" branch="false"/>
<line number="20" hits="0" branch="false"/>
<line number="21" hits="0" branch="false"/>
<line number="23" hits="0" branch="false"/>
<line number="24" hits="0" branch="false"/>
<line number="28" hits="0" branch="false"/>
<line number="29" hits="0" branch="false"/>
<line number="31" hits="0" branch="false"/>
<line number="32" hits="0" branch="false"/>
<line number="39" hits="0" branch="false"/>
<line number="40" hits="0" branch="false"/>
<line number="42" hits="0" branch="false"/>
<line number="43" hits="0" branch="false"/>
<line number="44" hits="0" branch="false"/>
<line number="48" hits="0" branch="false"/>
<line number="49" hits="0" branch="false"/>
<line number="50" hits="0" branch="false"/>
<line number="51" hits="0" branch="false"/>
<line number="53" hits="0" branch="false"/>
<line number="54" hits="0" branch="false"/>
<line number="55" hits="0" branch="false"/>
<line number="59" hits="0" branch="false"/>
<line number="60" hits="0" branch="false"/>
</lines>
</class>
<class name="nnz" filename="@gem/nnz.m" line-rate="0.000" branch-rate="0.0">
<methods></methods><lines>
<line number="4" hits="0" branch="false"/>
</lines>
</class>
<class name="nonzeros" filename="@gem/nonzeros.m" line-rate="0.000" branch-rate="0.0">
<methods></methods><lines>
<line number="4" hits="0" branch="false"/>
</lines>
</class>
<class name="norm" filename="@gem/norm.m" line-rate="0.000" branch-rate="0.0">
<methods></methods><lines>
<line number="10" hits="0" branch="false"/>
<line number="11" hits="0" branch="false"/>
<line number="15" hits="0" branch="false"/>
<line number="16" hits="0" branch="false"/>
<line number="17" hits="0" branch="false"/>
<line number="20" hits="0" branch="false"/>
<line number="21" hits="0" branch="false"/>
<line number="27" hits="0" branch="false"/>
<line number="28" hits="0" branch="false"/>
<line number="29" hits="0" branch="false"/>
<line number="31" hits="0" branch="false"/>
<line number="33" hits="0" branch="false"/>
<line number="35" hits="0" branch="false"/>
<line number="38" hits="0" branch="false"/>
<line number="40" hits="0" branch="false"/>
<line number="42" hits="0" branch="false"/>
<line number="44" hits="0" branch="false"/>
<line number="46" hits="0" branch="false"/>
</lines>
</class>
<class name="not" filename="@gem/not.m" line-rate="0.000" branch-rate="0.0">
<methods></methods><lines>
<line number="4" hits="0" branch="false"/>
</lines>
</class>
<class name="numel" filename="@gem/numel.m" line-rate="1.000" branch-rate="0.0">
<methods></methods><lines>
<line number="3" hits="20" branch="false"/>
</lines>
</class>
<class name="or" filename="@gem/or.m" line-rate="0.000" branch-rate="0.0">
<methods></methods><lines>
<line number="4" hits="0" branch="false"/>
</lines>
</class>
<class name="plot" filename="@gem/plot.m" line-rate="0.000" branch-rate="0.0">
<methods></methods><lines>
<line number="5" hits="0" branch="false"/>
<line number="6" hits="0" branch="false"/>
<line number="7" hits="0" branch="false"/>
<line number="12" hits="0" branch="false"/>
<line number="14" hits="0" branch="false"/>
<line number="15" hits="0" branch="false"/>
</lines>
</class>
<class name="plus" filename="@gem/plus.m" line-rate="0.625" branch-rate="0.0">
<methods></methods><lines>
<line number="5" hits="10" branch="false"/>
<line number="6" hits="0" branch="false"/>
<line number="11" hits="10" branch="false"/>
<line number="12" hits="0" branch="false"/>
<line number="13" hits="0" branch="false"/>
<line number="19" hits="10" branch="false"/>
<line number="20" hits="10" branch="false"/>
<line number="22" hits="10" branch="false"/>
<line number="23" hits="0" branch="false"/>
<line number="28" hits="10" branch="false"/>
<line number="29" hits="0" branch="false"/>
<line number="31" hits="0" branch="false"/>
<line number="36" hits="10" branch="false"/>
<line number="37" hits="10" branch="false"/>
<line number="38" hits="10" branch="false"/>
<line number="41" hits="10" branch="false"/>
</lines>
</class>
<class name="power" filename="@gem/power.m" line-rate="0.769" branch-rate="0.0">
<methods></methods><lines>
<line number="5" hits="20" branch="false"/>
<line number="6" hits="0" branch="false"/>
<line number="12" hits="20" branch="false"/>
<line number="13" hits="20" branch="false"/>
<line number="15" hits="20" branch="false"/>
<line number="16" hits="0" branch="false"/>
<line number="21" hits="20" branch="false"/>
<line number="22" hits="20" branch="false"/>
<line number="24" hits="0" branch="false"/>
<line number="29" hits="20" branch="false"/>
<line number="30" hits="20" branch="false"/>
<line number="31" hits="20" branch="false"/>
<line number="34" hits="20" branch="false"/>
</lines>
</class>
<class name="precision" filename="@gem/precision.m" line-rate="1.000" branch-rate="0.0">
<methods></methods><lines>
<line number="3" hits="4" branch="false"/>
<line number="4" hits="4" branch="false"/>
</lines>
</class>
<class name="prod" filename="@gem/prod.m" line-rate="0.000" branch-rate="0.0">
<methods></methods><lines>
<line number="8" hits="0" branch="false"/>
<line number="9" hits="0" branch="false"/>
<line number="12" hits="0" branch="false"/>
<line number="13" hits="0" branch="false"/>
<line number="14" hits="0" branch="false"/>
<line number="16" hits="0" branch="false"/>
<line number="22" hits="0" branch="false"/>
<line number="24" hits="0" branch="false"/>
<line number="25" hits="0" branch="false"/>
<line number="27" hits="0" branch="false"/>
<line number="28" hits="0" branch="false"/>
<line number="29" hits="0" branch="false"/>
<line number="30" hits="0" branch="false"/>
<line number="34" hits="0" branch="false"/>
</lines>
</class>
<class name="rank" filename="@gem/rank.m" line-rate="0.000" branch-rate="0.0">
<methods></methods><lines>
<line number="4" hits="0" branch="false"/>
<line number="5" hits="0" branch="false"/>
</lines>
</class>
<class name="rdivide" filename="@gem/rdivide.m" line-rate="0.688" branch-rate="0.0">
<methods></methods><lines>
<line number="5" hits="2" branch="false"/>
<line number="6" hits="0" branch="false"/>
<line number="11" hits="2" branch="false"/>
<line number="12" hits="0" branch="false"/>
<line number="13" hits="0" branch="false"/>
<line number="19" hits="2" branch="false"/>
<line number="20" hits="2" branch="false"/>
<line number="22" hits="2" branch="false"/>
<line number="23" hits="0" branch="false"/>
<line number="28" hits="2" branch="false"/>
<line number="29" hits="0" branch="false"/>
<line number="31" hits="2" branch="false"/>
<line number="36" hits="2" branch="false"/>
<line number="37" hits="2" branch="false"/>
<line number="38" hits="2" branch="false"/>
<line number="41" hits="2" branch="false"/>
</lines>
</class>
<class name="real" filename="@gem/real.m" line-rate="0.000" branch-rate="0.0">
<methods></methods><lines>
<line number="5" hits="0" branch="false"/>
<line number="6" hits="0" branch="false"/>
<line number="9" hits="0" branch="false"/>
</lines>
</class>
<class name="reshape" filename="@gem/reshape.m" line-rate="0.000" branch-rate="0.0">
<methods></methods><lines>
<line number="4" hits="0" branch="false"/>
<line number="5" hits="0" branch="false"/>
<line number="6" hits="0" branch="false"/>
<line number="8" hits="0" branch="false"/>
<line number="10" hits="0" branch="false"/>
<line number="11" hits="0" branch="false"/>
<line number="13" hits="0" branch="false"/>
<line number="14" hits="0" branch="false"/>
<line number="16" hits="0" branch="false"/>
<line number="18" hits="0" branch="false"/>
<line number="19" hits="0" branch="false"/>
<line number="21" hits="0" branch="false"/>
<line number="24" hits="0" branch="false"/>
<line number="27" hits="0" branch="false"/>
<line number="28" hits="0" branch="false"/>
<line number="33" hits="0" branch="false"/>
<line number="34" hits="0" branch="false"/>
<line number="37" hits="0" branch="false"/>
</lines>
</class>
<class name="round" filename="@gem/round.m" line-rate="0.000" branch-rate="0.0">
<methods></methods><lines>
<line number="5" hits="0" branch="false"/>
<line number="6" hits="0" branch="false"/>
<line number="9" hits="0" branch="false"/>
</lines>
</class>
<class name="saveobj" filename="@gem/saveobj.m" line-rate="0.000" branch-rate="0.0">
<methods></methods><lines>
<line number="10" hits="0" branch="false"/>
<line number="11" hits="0" branch="false"/>
<line number="13" hits="0" branch="false"/>
</lines>
</class>
<class name="sec" filename="@gem/sec.m" line-rate="0.000" branch-rate="0.0">
<methods></methods><lines>
<line number="5" hits="0" branch="false"/>
<line number="6" hits="0" branch="false"/>
<line number="9" hits="0" branch="false"/>
</lines>
</class>
<class name="setDisplayPrecision" filename="@gem/setDisplayPrecision.m" line-rate="1.000" branch-rate="0.0">
<methods></methods><lines>
<line number="3" hits="4" branch="false"/>
</lines>
</class>
<class name="setWorkingPrecision" filename="@gem/setWorkingPrecision.m" line-rate="1.000" branch-rate="0.0">
<methods></methods><lines>
<line number="3" hits="6" branch="false"/>
</lines>
</class>
<class name="sin" filename="@gem/sin.m" line-rate="0.000" branch-rate="0.0">
<methods></methods><lines>
<line number="5" hits="0" branch="false"/>
<line number="6" hits="0" branch="false"/>
<line number="9" hits="0" branch="false"/>
</lines>
</class>
<class name="size" filename="@gem/size.m" line-rate="0.625" branch-rate="0.0">
<methods></methods><lines>
<line number="3" hits="232" branch="false"/>
<line number="4" hits="0" branch="false"/>
<line number="7" hits="232" branch="false"/>
<line number="8" hits="232" branch="false"/>
<line number="10" hits="232" branch="false"/>
<line number="11" hits="2" branch="false"/>
<line number="13" hits="0" branch="false"/>
<line number="14" hits="0" branch="false"/>
</lines>
</class>
<class name="sort" filename="@gem/sort.m" line-rate="0.000" branch-rate="0.0">
<methods></methods><lines>
<line number="12" hits="0" branch="false"/>
<line number="13" hits="0" branch="false"/>
<line number="16" hits="0" branch="false"/>
<line number="17" hits="0" branch="false"/>
<line number="18" hits="0" branch="false"/>
<line number="20" hits="0" branch="false"/>
<line number="23" hits="0" branch="false"/>
<line number="26" hits="0" branch="false"/>
<line number="27" hits="0" branch="false"/>
<line number="28" hits="0" branch="false"/>
<line number="31" hits="0" branch="false"/>
<line number="32" hits="0" branch="false"/>
<line number="35" hits="0" branch="false"/>
<line number="36" hits="0" branch="false"/>
<line number="40" hits="0" branch="false"/>
<line number="41" hits="0" branch="false"/>
<line number="42" hits="0" branch="false"/>
<line number="43" hits="0" branch="false"/>
<line number="44" hits="0" branch="false"/>
<line number="46" hits="0" branch="false"/>
<line number="49" hits="0" branch="false"/>
<line number="53" hits="0" branch="false"/>
<line number="54" hits="0" branch="false"/>
<line number="57" hits="0" branch="false"/>
<line number="60" hits="0" branch="false"/>
</lines>
</class>
<class name="sortrowsc" filename="@gem/sortrowsc.m" line-rate="0.000" branch-rate="0.0">
<methods></methods><lines>
<line number="9" hits="0" branch="false"/>
<line number="10" hits="0" branch="false"/>
<line number="13" hits="0" branch="false"/>
<line number="14" hits="0" branch="false"/>
<line number="17" hits="0" branch="false"/>
<line number="18" hits="0" branch="false"/>
<line number="22" hits="0" branch="false"/>
<line number="23" hits="0" branch="false"/>
<line number="26" hits="0" branch="false"/>
</lines>
</class>
<class name="sparse" filename="@gem/sparse.m" line-rate="0.375" branch-rate="0.0">
<methods></methods><lines>
<line number="3" hits="20" branch="false"/>
<line number="5" hits="20" branch="false"/>
<line number="6" hits="20" branch="false"/>
<line number="12" hits="0" branch="false"/>
<line number="13" hits="0" branch="false"/>
<line number="15" hits="0" branch="false"/>
<line number="17" hits="0" branch="false"/>
<line number="19" hits="0" branch="false"/>
</lines>
</class>
<class name="sprintf" filename="@gem/sprintf.m" line-rate="0.000" branch-rate="0.0">
<methods></methods><lines>
<line number="4" hits="0" branch="false"/>
<line number="10" hits="0" branch="false"/>
<line number="11" hits="0" branch="false"/>
<line number="12" hits="0" branch="false"/>
<line number="13" hits="0" branch="false"/>
<line number="15" hits="0" branch="false"/>
<line number="16" hits="0" branch="false"/>
<line number="17" hits="0" branch="false"/>
<line number="18" hits="0" branch="false"/>
<line number="19" hits="0" branch="false"/>
<line number="21" hits="0" branch="false"/>
<line number="22" hits="0" branch="false"/>
<line number="23" hits="0" branch="false"/>
<line number="27" hits="0" branch="false"/>
<line number="28" hits="0" branch="false"/>
<line number="29" hits="0" branch="false"/>
<line number="32" hits="0" branch="false"/>
<line number="37" hits="0" branch="false"/>
<line number="38" hits="0" branch="false"/>
<line number="39" hits="0" branch="false"/>
<line number="44" hits="0" branch="false"/>
<line number="47" hits="0" branch="false"/>
<line number="48" hits="0" branch="false"/>
</lines>
</class>
<class name="sqrt" filename="@gem/sqrt.m" line-rate="0.000" branch-rate="0.0">
<methods></methods><lines>
<line number="8" hits="0" branch="false"/>
<line number="9" hits="0" branch="false"/>
<line number="12" hits="0" branch="false"/>
</lines>
</class>
<class name="subsasgn" filename="@gem/subsasgn.m" line-rate="0.000" branch-rate="0.0">
<methods></methods><lines>
<line number="5" hits="0" branch="false"/>
<line number="6" hits="0" branch="false"/>
<line number="11" hits="0" branch="false"/>
<line number="12" hits="0" branch="false"/>
<line number="13" hits="0" branch="false"/>
<line number="15" hits="0" branch="false"/>
<line number="16" hits="0" branch="false"/>
<line number="17" hits="0" branch="false"/>
<line number="19" hits="0" branch="false"/>
<line number="21" hits="0" branch="false"/>
<line number="23" hits="0" branch="false"/>
<line number="26" hits="0" branch="false"/>
<line number="29" hits="0" branch="false"/>
<line number="31" hits="0" branch="false"/>
<line number="34" hits="0" branch="false"/>
<line number="35" hits="0" branch="false"/>
<line number="40" hits="0" branch="false"/>
<line number="41" hits="0" branch="false"/>
<line number="44" hits="0" branch="false"/>
<line number="45" hits="0" branch="false"/>
<line number="47" hits="0" branch="false"/>
<line number="48" hits="0" branch="false"/>
<line number="50" hits="0" branch="false"/>
<line number="51" hits="0" branch="false"/>
<line number="54" hits="0" branch="false"/>
<line number="55" hits="0" branch="false"/>
<line number="56" hits="0" branch="false"/>
<line number="59" hits="0" branch="false"/>
<line number="60" hits="0" branch="false"/>
<line number="61" hits="0" branch="false"/>
<line number="63" hits="0" branch="false"/>
<line number="64" hits="0" branch="false"/>
<line number="68" hits="0" branch="false"/>
<line number="69" hits="0" branch="false"/>
<line number="71" hits="0" branch="false"/>
<line number="73" hits="0" branch="false"/>
<line number="76" hits="0" branch="false"/>
<line number="77" hits="0" branch="false"/>
<line number="79" hits="0" branch="false"/>
<line number="81" hits="0" branch="false"/>
<line number="82" hits="0" branch="false"/>
<line number="85" hits="0" branch="false"/>
<line number="86" hits="0" branch="false"/>
<line number="89" hits="0" branch="false"/>
<line number="91" hits="0" branch="false"/>
<line number="95" hits="0" branch="false"/>
<line number="99" hits="0" branch="false"/>
<line number="100" hits="0" branch="false"/>
<line number="103" hits="0" branch="false"/>
<line number="109" hits="0" branch="false"/>
<line number="110" hits="0" branch="false"/>
<line number="115" hits="0" branch="false"/>
<line number="116" hits="0" branch="false"/>
<line number="117" hits="0" branch="false"/>
<line number="118" hits="0" branch="false"/>
<line number="119" hits="0" branch="false"/>
<line number="121" hits="0" branch="false"/>
<line number="122" hits="0" branch="false"/>
<line number="123" hits="0" branch="false"/>
</lines>
</class>
<class name="subsref" filename="@gem/subsref.m" line-rate="0.200" branch-rate="0.0">
<methods></methods><lines>
<line number="6" hits="85" branch="false"/>
<line number="7" hits="0" branch="false"/>
<line number="11" hits="85" branch="false"/>
<line number="14" hits="0" branch="false"/>
<line number="15" hits="0" branch="false"/>
<line number="16" hits="0" branch="false"/>
<line number="17" hits="0" branch="false"/>
<line number="18" hits="0" branch="false"/>
<line number="20" hits="0" branch="false"/>
<line number="22" hits="0" branch="false"/>
<line number="24" hits="0" branch="false"/>
<line number="27" hits="0" branch="false"/>
<line number="30" hits="0" branch="false"/>
<line number="32" hits="0" branch="false"/>
<line number="39" hits="85" branch="false"/>
<line number="41" hits="30" branch="false"/>
<line number="42" hits="30" branch="false"/>
<line number="44" hits="6" branch="false"/>
<line number="45" hits="6" branch="false"/>
<line number="47" hits="5" branch="false"/>
<line number="48" hits="5" branch="false"/>
<line number="50" hits="4" branch="false"/>
<line number="51" hits="4" branch="false"/>
<line number="55" hits="40" branch="false"/>
<line number="56" hits="40" branch="false"/>
<line number="58" hits="0" branch="false"/>
<line number="60" hits="40" branch="false"/>
<line number="61" hits="40" branch="false"/>
<line number="62" hits="0" branch="false"/>
<line number="63" hits="0" branch="false"/>
<line number="65" hits="0" branch="false"/>
<line number="66" hits="0" branch="false"/>
<line number="71" hits="0" branch="false"/>
<line number="72" hits="0" branch="false"/>
<line number="74" hits="0" branch="false"/>
<line number="75" hits="0" branch="false"/>
<line number="77" hits="0" branch="false"/>
<line number="78" hits="0" branch="false"/>
<line number="80" hits="0" branch="false"/>
<line number="81" hits="0" branch="false"/>
<line number="84" hits="0" branch="false"/>
<line number="85" hits="0" branch="false"/>
<line number="87" hits="0" branch="false"/>
<line number="88" hits="0" branch="false"/>
<line number="91" hits="0" branch="false"/>
<line number="97" hits="0" branch="false"/>
<line number="102" hits="0" branch="false"/>
<line number="103" hits="0" branch="false"/>
<line number="106" hits="0" branch="false"/>
<line number="109" hits="0" branch="false"/>
<line number="110" hits="0" branch="false"/>
<line number="111" hits="0" branch="false"/>
<line number="112" hits="0" branch="false"/>
<line number="118" hits="0" branch="false"/>
<line number="119" hits="0" branch="false"/>
<line number="125" hits="0" branch="false"/>
<line number="126" hits="0" branch="false"/>
<line number="129" hits="0" branch="false"/>
<line number="130" hits="0" branch="false"/>
<line number="131" hits="0" branch="false"/>
<line number="136" hits="0" branch="false"/>
<line number="137" hits="0" branch="false"/>
<line number="138" hits="0" branch="false"/>
<line number="139" hits="0" branch="false"/>
<line number="140" hits="0" branch="false"/>
<line number="142" hits="0" branch="false"/>
<line number="143" hits="0" branch="false"/>
<line number="144" hits="0" branch="false"/>
<line number="146" hits="0" branch="false"/>
<line number="147" hits="0" branch="false"/>
<line number="148" hits="0" branch="false"/>
<line number="149" hits="0" branch="false"/>
<line number="155" hits="0" branch="false"/>
<line number="156" hits="0" branch="false"/>
<line number="159" hits="0" branch="false"/>
</lines>
</class>
<class name="sum" filename="@gem/sum.m" line-rate="0.600" branch-rate="0.0">
<methods></methods><lines>
<line number="12" hits="2" branch="false"/>
<line number="13" hits="0" branch="false"/>
<line number="15" hits="2" branch="false"/>
<line number="16" hits="0" branch="false"/>
<line number="20" hits="2" branch="false"/>
<line number="21" hits="0" branch="false"/>
<line number="24" hits="2" branch="false"/>
<line number="25" hits="0" branch="false"/>
<line number="26" hits="0" branch="false"/>
<line number="28" hits="0" branch="false"/>
<line number="34" hits="2" branch="false"/>
<line number="36" hits="1" branch="false"/>
<line number="37" hits="1" branch="false"/>
<line number="39" hits="1" branch="false"/>
<line number="40" hits="1" branch="false"/>
<line number="41" hits="1" branch="false"/>
<line number="42" hits="0" branch="false"/>
<line number="46" hits="2" branch="false"/>
<line number="50" hits="2" branch="false"/>
<line number="51" hits="0" branch="false"/>
</lines>
</class>
<class name="svd" filename="@gem/svd.m" line-rate="0.000" branch-rate="0.0">
<methods></methods><lines>
<line number="10" hits="0" branch="false"/>
<line number="11" hits="0" branch="false"/>
<line number="15" hits="0" branch="false"/>
<line number="16" hits="0" branch="false"/>
<line number="20" hits="0" branch="false"/>
<line number="21" hits="0" branch="false"/>
<line number="22" hits="0" branch="false"/>
<line number="25" hits="0" branch="false"/>
<line number="26" hits="0" branch="false"/>
<line number="27" hits="0" branch="false"/>
<line number="30" hits="0" branch="false"/>
<line number="31" hits="0" branch="false"/>
<line number="41" hits="0" branch="false"/>
<line number="42" hits="0" branch="false"/>
<line number="46" hits="0" branch="false"/>
</lines>
</class>
<class name="svds" filename="@gem/svds.m" line-rate="0.000" branch-rate="0.0">
<methods></methods><lines>
<line number="15" hits="0" branch="false"/>
<line number="16" hits="0" branch="false"/>
<line number="19" hits="0" branch="false"/>
<line number="20" hits="0" branch="false"/>
<line number="24" hits="0" branch="false"/>
<line number="28" hits="0" branch="false"/>
<line number="29" hits="0" branch="false"/>
<line number="31" hits="0" branch="false"/>
<line number="35" hits="0" branch="false"/>
<line number="36" hits="0" branch="false"/>
<line number="40" hits="0" branch="false"/>
<line number="41" hits="0" branch="false"/>
<line number="45" hits="0" branch="false"/>
<line number="46" hits="0" branch="false"/>
<line number="47" hits="0" branch="false"/>
<line number="50" hits="0" branch="false"/>
<line number="53" hits="0" branch="false"/>
<line number="54" hits="0" branch="false"/>
<line number="55" hits="0" branch="false"/>
<line number="59" hits="0" branch="false"/>
<line number="65" hits="0" branch="false"/>
<line number="66" hits="0" branch="false"/>
<line number="71" hits="0" branch="false"/>
<line number="72" hits="0" branch="false"/>
<line number="73" hits="0" branch="false"/>
<line number="74" hits="0" branch="false"/>
<line number="75" hits="0" branch="false"/>
<line number="76" hits="0" branch="false"/>
<line number="77" hits="0" branch="false"/>
[...]
<line number="117" hits="0" branch="false"/>
<line number="118" hits="0" branch="false"/>
<line number="124" hits="0" branch="false"/>
<line number="125" hits="0" branch="false"/>
<line number="128" hits="0" branch="false"/>
<line number="129" hits="0" branch="false"/>
<line number="130" hits="0" branch="false"/>
<line number="135" hits="0" branch="false"/>
<line number="136" hits="0" branch="false"/>
<line number="137" hits="0" branch="false"/>
<line number="138" hits="0" branch="false"/>
<line number="139" hits="0" branch="false"/>
<line number="141" hits="0" branch="false"/>
<line number="142" hits="0" branch="false"/>
<line number="143" hits="0" branch="false"/>
<line number="145" hits="0" branch="false"/>
<line number="146" hits="0" branch="false"/>
<line number="147" hits="0" branch="false"/>
<line number="148" hits="0" branch="false"/>
<line number="154" hits="0" branch="false"/>
<line number="155" hits="0" branch="false"/>
<line number="158" hits="0" branch="false"/>
</lines>
</class>
<class name="sum" filename="@sgem/sum.m" line-rate="0.000" branch-rate="0.0">
<methods></methods><lines>
<line number="12" hits="0" branch="false"/>
<line number="13" hits="0" branch="false"/>
<line number="15" hits="0" branch="false"/>
<line number="16" hits="0" branch="false"/>
<line number="20" hits="0" branch="false"/>
<line number="21" hits="0" branch="false"/>
<line number="24" hits="0" branch="false"/>
<line number="25" hits="0" branch="false"/>
<line number="26" hits="0" branch="false"/>
<line number="28" hits="0" branch="false"/>
<line number="33" hits="0" branch="false"/>
<line number="35" hits="0" branch="false"/>
<line number="37" hits="0" branch="false"/>
<line number="38" hits="0" branch="false"/>
<line number="39" hits="0" branch="false"/>
<line number="44" hits="0" branch="false"/>
<line number="45" hits="0" branch="false"/>
</lines>
</class>
<class name="svd" filename="@sgem/svd.m" line-rate="0.000" branch-rate="0.0">
<methods></methods><lines>
<line number="5" hits="0" branch="false"/>
</lines>
</class>
<class name="svds" filename="@sgem/svds.m" line-rate="0.000" branch-rate="0.0">
<methods></methods><lines>
<line number="15" hits="0" branch="false"/>
<line number="16" hits="0" branch="false"/>
<line number="19" hits="0" branch="false"/>
<line number="20" hits="0" branch="false"/>
<line number="24" hits="0" branch="false"/>
<line number="28" hits="0" branch="false"/>
<line number="29" hits="0" branch="false"/>
<line number="31" hits="0" branch="false"/>
<line number="35" hits="0" branch="false"/>
<line number="36" hits="0" branch="false"/>
<line number="40" hits="0" branch="false"/>
<line number="41" hits="0" branch="false"/>
<line number="45" hits="0" branch="false"/>
<line number="46" hits="0" branch="false"/>
<line number="47" hits="0" branch="false"/>
<line number="50" hits="0" branch="false"/>
<line number="53" hits="0" branch="false"/>
<line number="54" hits="0" branch="false"/>
<line number="55" hits="0" branch="false"/>
<line number="59" hits="0" branch="false"/>
<line number="61" hits="0" branch="false"/>
<line number="62" hits="0" branch="false"/>
<line number="67" hits="0" branch="false"/>
<line number="69" hits="0" branch="false"/>
<line number="70" hits="0" branch="false"/>
<line number="71" hits="0" branch="false"/>
<line number="72" hits="0" branch="false"/>
<line number="73" hits="0" branch="false"/>
<line number="74" hits="0" branch="false"/>
<line number="75" hits="0" branch="false"/>
<line number="76" hits="0" branch="false"/>
<line number="77" hits="0" branch="false"/>
<line number="78" hits="0" branch="false"/>
<line number="79" hits="0" branch="false"/>
<line number="80" hits="0" branch="false"/>
<line number="81" hits="0" branch="false"/>
<line number="83" hits="0" branch="false"/>
<line number="84" hits="0" branch="false"/>
<line number="85" hits="0" branch="false"/>
<line number="86" hits="0" branch="false"/>
<line number="87" hits="0" branch="false"/>
<line number="88" hits="0" branch="false"/>
<line number="89" hits="0" branch="false"/>
<line number="90" hits="0" branch="false"/>
<line number="91" hits="0" branch="false"/>
<line number="94" hits="0" branch="false"/>
<line number="95" hits="0" branch="false"/>
<line number="96" hits="0" branch="false"/>
<line number="97" hits="0" branch="false"/>
<line number="98" hits="0" branch="false"/>
<line number="100" hits="0" branch="false"/>
<line number="101" hits="0" branch="false"/>
<line number="102" hits="0" branch="false"/>
<line number="107" hits="0" branch="false"/>
<line number="109" hits="0" branch="false"/>
<line number="114" hits="0" branch="false"/>
<line number="116" hits="0" branch="false"/>
<line number="117" hits="0" branch="false"/>
<line number="118" hits="0" branch="false"/>
<line number="121" hits="0" branch="false"/>
<line number="122" hits="0" branch="false"/>
<line number="123" hits="0" branch="false"/>
<line number="124" hits="0" branch="false"/>
<line number="128" hits="0" branch="false"/>
<line number="129" hits="0" branch="false"/>
<line number="130" hits="0" branch="false"/>
<line number="133" hits="0" branch="false"/>
<line number="134" hits="0" branch="false"/>
<line number="135" hits="0" branch="false"/>
<line number="136" hits="0" branch="false"/>
<line number="137" hits="0" branch="false"/>
<line number="138" hits="0" branch="false"/>
<line number="139" hits="0" branch="false"/>
<line number="143" hits="0" branch="false"/>
<line number="144" hits="0" branch="false"/>
<line number="145" hits="0" branch="false"/>
<line number="146" hits="0" branch="false"/>
<line number="147" hits="0" branch="false"/>
<line number="150" hits="0" branch="false"/>
<line number="151" hits="0" branch="false"/>
<line number="155" hits="0" branch="false"/>
<line number="158" hits="0" branch="false"/>
<line number="159" hits="0" branch="false"/>
<line number="160" hits="0" branch="false"/>
<line number="161" hits="0" branch="false"/>
<line number="162" hits="0" branch="false"/>
<line number="163" hits="0" branch="false"/>
<line number="164" hits="0" branch="false"/>
<line number="165" hits="0" branch="false"/>
<line number="166" hits="0" branch="false"/>
<line number="167" hits="0" branch="false"/>
<line number="170" hits="0" branch="false"/>
</lines>
</class>
<class name="tan" filename="@sgem/tan.m" line-rate="0.000" branch-rate="0.0">
<methods></methods><lines>
<line number="5" hits="0" branch="false"/>
<line number="6" hits="0" branch="false"/>
<line number="9" hits="0" branch="false"/>
</lines>
</class>
<class name="times" filename="@sgem/times.m" line-rate="0.000" branch-rate="0.0">
<methods></methods><lines>
<line number="5" hits="0" branch="false"/>
<line number="6" hits="0" branch="false"/>
<line number="11" hits="0" branch="false"/>
<line number="12" hits="0" branch="false"/>
<line number="13" hits="0" branch="false"/>
<line number="19" hits="0" branch="false"/>
<line number="20" hits="0" branch="false"/>
<line number="22" hits="0" branch="false"/>
<line number="23" hits="0" branch="false"/>
<line number="28" hits="0" branch="false"/>
<line number="29" hits="0" branch="false"/>
<line number="31" hits="0" branch="false"/>
<line number="32" hits="0" branch="false"/>
<line number="39" hits="0" branch="false"/>
<line number="40" hits="0" branch="false"/>
<line number="41" hits="0" branch="false"/>
<line number="43" hits="0" branch="false"/>
<line number="46" hits="0" branch="false"/>
<line number="47" hits="0" branch="false"/>
<line number="48" hits="0" branch="false"/>
<line number="50" hits="0" branch="false"/>
<line number="56" hits="0" branch="false"/>
<line number="57" hits="0" branch="false"/>
<line number="58" hits="0" branch="false"/>
<line number="59" hits="0" branch="false"/>
<line number="60" hits="0" branch="false"/>
<line number="61" hits="0" branch="false"/>
<line number="63" hits="0" branch="false"/>
<line number="64" hits="0" branch="false"/>
<line number="65" hits="0" branch="false"/>
<line number="66" hits="0" branch="false"/>
<line number="70" hits="0" branch="false"/>
<line number="71" hits="0" branch="false"/>
<line number="72" hits="0" branch="false"/>
<line number="73" hits="0" branch="false"/>
<line number="74" hits="0" branch="false"/>
<line number="76" hits="0" branch="false"/>
<line number="77" hits="0" branch="false"/>
<line number="78" hits="0" branch="false"/>
<line number="79" hits="0" branch="false"/>
</lines>
</class>
<class name="toStrings" filename="@sgem/toStrings.m" line-rate="0.000" branch-rate="0.0">
<methods></methods><lines>
<line number="4" hits="0" branch="false"/>
<line number="5" hits="0" branch="false"/>
<line number="7" hits="0" branch="false"/>
<line number="10" hits="0" branch="false"/>
<line number="11" hits="0" branch="false"/>
<line number="13" hits="0" branch="false"/>
<line number="14" hits="0" branch="false"/>
</lines>
</class>
<class name="transpose" filename="@sgem/transpose.m" line-rate="0.000" branch-rate="0.0">
<methods></methods><lines>
<line number="5" hits="0" branch="false"/>
<line number="6" hits="0" branch="false"/>
<line number="9" hits="0" branch="false"/>
</lines>
</class>
<class name="uminus" filename="@sgem/uminus.m" line-rate="0.000" branch-rate="0.0">
<methods></methods><lines>
<line number="5" hits="0" branch="false"/>
<line number="6" hits="0" branch="false"/>
<line number="9" hits="0" branch="false"/>
</lines>
</class>
<class name="uplus" filename="@sgem/uplus.m" line-rate="0.000" branch-rate="0.0">
<methods></methods><lines>
<line number="6" hits="0" branch="false"/>
</lines>
</class>
<class name="vertcat" filename="@sgem/vertcat.m" line-rate="0.000" branch-rate="0.0">
<methods></methods><lines>
<line number="5" hits="0" branch="false"/>
<line number="6" hits="0" branch="false"/>
<line number="7" hits="0" branch="false"/>
<line number="8" hits="0" branch="false"/>
<line number="10" hits="0" branch="false"/>
<line number="15" hits="0" branch="false"/>
<line number="16" hits="0" branch="false"/>
<line number="17" hits="0" branch="false"/>
<line number="19" hits="0" branch="false"/>
<line number="20" hits="0" branch="false"/>
<line number="24" hits="0" branch="false"/>
<line number="25" hits="0" branch="false"/>
<line number="26" hits="0" branch="false"/>
<line number="27" hits="0" branch="false"/>
<line number="31" hits="0" branch="false"/>
<line number="32" hits="0" branch="false"/>
<line number="34" hits="0" branch="false"/>
<line number="35" hits="0" branch="false"/>
<line number="39" hits="0" branch="false"/>
<line number="40" hits="0" branch="false"/>
<line number="42" hits="0" branch="false"/>
<line number="43" hits="0" branch="false"/>
<line number="49" hits="0" branch="false"/>
<line number="51" hits="0" branch="false"/>
<line number="52" hits="0" branch="false"/>
<line number="54" hits="0" branch="false"/>
<line number="55" hits="0" branch="false"/>
<line number="59" hits="0" branch="false"/>
<line number="60" hits="0" branch="false"/>
<line number="62" hits="0" branch="false"/>
<line number="63" hits="0" branch="false"/>
<line number="67" hits="0" branch="false"/>
<line number="68" hits="0" branch="false"/>
<line number="69" hits="0" branch="false"/>
<line number="70" hits="0" branch="false"/>
<line number="71" hits="0" branch="false"/>
<line number="73" hits="0" branch="false"/>
<line number="74" hits="0" branch="false"/>
<line number="75" hits="0" branch="false"/>
<line number="76" hits="0" branch="false"/>
</lines>
</class>
<class name="xor" filename="@sgem/xor.m" line-rate="0.000" branch-rate="0.0">
<methods></methods><lines>
<line number="4" hits="0" branch="false"/>
</lines>
</class>
<class name="gemDisplayPrecision" filename="gemDisplayPrecision.m" line-rate="1.000" branch-rate="0.0">
<methods></methods><lines>
<line number="10" hits="9" branch="false"/>
<line number="11" hits="9" branch="false"/>
<line number="12" hits="5" branch="false"/>
<line number="14" hits="4" branch="false"/>
<line number="16" hits="4" branch="false"/>
<line number="17" hits="4" branch="false"/>
</lines>
</class>
<class name="gemRand" filename="gemRand.m" line-rate="0.769" branch-rate="0.0">
<methods></methods><lines>
<line number="13" hits="25" branch="false"/>
<line number="14" hits="1" branch="false"/>
<line number="16" hits="22" branch="false"/>
<line number="17" hits="2" branch="false"/>
<line number="19" hits="20" branch="false"/>
<line number="21" hits="0" branch="false"/>
<line number="24" hits="2" branch="false"/>
<line number="25" hits="0" branch="false"/>
<line number="27" hits="2" branch="false"/>
<line number="30" hits="0" branch="false"/>
<line number="34" hits="25" branch="false"/>
<line number="38" hits="25" branch="false"/>
<line number="41" hits="25" branch="false"/>
</lines>
</class>
<class name="gemRandn" filename="gemRandn.m" line-rate="0.000" branch-rate="0.0">
<methods></methods><lines>
<line number="14" hits="0" branch="false"/>
<line number="15" hits="0" branch="false"/>
<line number="17" hits="0" branch="false"/>
<line number="18" hits="0" branch="false"/>
<line number="20" hits="0" branch="false"/>
<line number="22" hits="0" branch="false"/>
<line number="25" hits="0" branch="false"/>
<line number="26" hits="0" branch="false"/>
<line number="28" hits="0" branch="false"/>
<line number="31" hits="0" branch="false"/>
<line number="33" hits="0" branch="false"/>
<line number="38" hits="0" branch="false"/>
<line number="39" hits="0" branch="false"/>
<line number="40" hits="0" branch="false"/>
<line number="41" hits="0" branch="false"/>
<line number="43" hits="0" branch="false"/>
<line number="44" hits="0" branch="false"/>
<line number="45" hits="0" branch="false"/>
<line number="46" hits="0" branch="false"/>
<line number="50" hits="0" branch="false"/>
<line number="51" hits="0" branch="false"/>
<line number="52" hits="0" branch="false"/>
<line number="53" hits="0" branch="false"/>
<line number="56" hits="0" branch="false"/>
<line number="57" hits="0" branch="false"/>
<line number="60" hits="0" branch="false"/>
</lines>
</class>
<class name="gemRng" filename="gemRng.m" line-rate="0.667" branch-rate="0.0">
<methods></methods><lines>
<line number="11" hits="2" branch="false"/>
<line number="12" hits="0" branch="false"/>
<line number="14" hits="2" branch="false"/>
<line number="17" hits="2" branch="false"/>
<line number="18" hits="0" branch="false"/>
<line number="22" hits="2" branch="false"/>
</lines>
</class>
<class name="gemSparseLikeMatlab" filename="gemSparseLikeMatlab.m" line-rate="1.000" branch-rate="0.0">
<methods></methods><lines>
<line number="35" hits="52" branch="false"/>
<line number="36" hits="52" branch="false"/>
<line number="37" hits="28" branch="false"/>
<line number="39" hits="24" branch="false"/>
</lines>
</class>
<class name="gemWorkingPrecision" filename="gemWorkingPrecision.m" line-rate="1.000" branch-rate="0.0">
<methods></methods><lines>
<line number="35" hits="36" branch="false"/>
<line number="36" hits="36" branch="false"/>
<line number="37" hits="30" branch="false"/>
<line number="39" hits="6" branch="false"/>
<line number="41" hits="6" branch="false"/>
<line number="42" hits="6" branch="false"/>
</lines>
</class>
<class name="gemify" filename="gemify.m" line-rate="0.667" branch-rate="0.0">
<methods></methods><lines>
<line number="4" hits="66" branch="false"/>
<line number="5" hits="0" branch="false"/>
<line number="6" hits="0" branch="false"/>
<line number="11" hits="66" branch="false"/>
<line number="12" hits="1" branch="false"/>
<line number="14" hits="65" branch="false"/>
</lines>
</class>
<class name="testSubsref" filename="testSubsref.m" line-rate="0.000" branch-rate="0.0">
<methods></methods><lines>
<line number="4" hits="0" branch="false"/>
<line number="5" hits="0" branch="false"/>
<line number="6" hits="0" branch="false"/>
<line number="8" hits="0" branch="false"/>
<line number="9" hits="0" branch="false"/>
<line number="10" hits="0" branch="false"/>
<line number="11" hits="0" branch="false"/>
<line number="12" hits="0" branch="false"/>
<line number="13" hits="0" branch="false"/>
<line number="14" hits="0" branch="false"/>
<line number="15" hits="0" branch="false"/>
<line number="16" hits="0" branch="false"/>
<line number="17" hits="0" branch="false"/>
<line number="18" hits="0" branch="false"/>
<line number="19" hits="0" branch="false"/>
<line number="20" hits="0" branch="false"/>
<line number="21" hits="0" branch="false"/>
<line number="22" hits="0" branch="false"/>
<line number="23" hits="0" branch="false"/>
<line number="24" hits="0" branch="false"/>
<line number="25" hits="0" branch="false"/>
<line number="26" hits="0" branch="false"/>
<line number="27" hits="0" branch="false"/>
<line number="28" hits="0" branch="false"/>
<line number="35" hits="0" branch="false"/>
<line number="36" hits="0" branch="false"/>
<line number="37" hits="0" branch="false"/>
<line number="39" hits="0" branch="false"/>
<line number="40" hits="0" branch="false"/>
<line number="41" hits="0" branch="false"/>
<line number="42" hits="0" branch="false"/>
<line number="43" hits="0" branch="false"/>
<line number="44" hits="0" branch="false"/>
<line number="45" hits="0" branch="false"/>
<line number="46" hits="0" branch="false"/>
<line number="47" hits="0" branch="false"/>
<line number="48" hits="0" branch="false"/>
<line number="49" hits="0" branch="false"/>
<line number="50" hits="0" branch="false"/>
<line number="51" hits="0" branch="false"/>
<line number="52" hits="0" branch="false"/>
<line number="53" hits="0" branch="false"/>
<line number="54" hits="0" branch="false"/>
<line number="55" hits="0" branch="false"/>
<line number="56" hits="0" branch="false"/>
<line number="57" hits="0" branch="false"/>
<line number="58" hits="0" branch="false"/>
<line number="59" hits="0" branch="false"/>
<line number="65" hits="0" branch="false"/>
<line number="66" hits="0" branch="false"/>
<line number="67" hits="0" branch="false"/>
<line number="69" hits="0" branch="false"/>
<line number="70" hits="0" branch="false"/>
<line number="71" hits="0" branch="false"/>
<line number="72" hits="0" branch="false"/>
<line number="73" hits="0" branch="false"/>
<line number="74" hits="0" branch="false"/>
<line number="75" hits="0" branch="false"/>
<line number="76" hits="0" branch="false"/>
<line number="77" hits="0" branch="false"/>
<line number="78" hits="0" branch="false"/>
<line number="79" hits="0" branch="false"/>
<line number="80" hits="0" branch="false"/>
<line number="81" hits="0" branch="false"/>
<line number="82" hits="0" branch="false"/>
<line number="83" hits="0" branch="false"/>
<line number="84" hits="0" branch="false"/>
<line number="85" hits="0" branch="false"/>
<line number="86" hits="0" branch="false"/>
<line number="87" hits="0" branch="false"/>
<line number="88" hits="0" branch="false"/>
<line number="89" hits="0" branch="false"/>
<line number="90" hits="0" branch="false"/>
<line number="91" hits="0" branch="false"/>
<line number="98" hits="0" branch="false"/>
<line number="99" hits="0" branch="false"/>
<line number="100" hits="0" branch="false"/>
<line number="102" hits="0" branch="false"/>
<line number="103" hits="0" branch="false"/>
<line number="104" hits="0" branch="false"/>
<line number="105" hits="0" branch="false"/>
<line number="106" hits="0" branch="false"/>
<line number="107" hits="0" branch="false"/>
<line number="108" hits="0" branch="false"/>
<line number="109" hits="0" branch="false"/>
<line number="110" hits="0" branch="false"/>
<line number="111" hits="0" branch="false"/>
<line number="112" hits="0" branch="false"/>
<line number="113" hits="0" branch="false"/>
<line number="114" hits="0" branch="false"/>
<line number="115" hits="0" branch="false"/>
<line number="116" hits="0" branch="false"/>
<line number="117" hits="0" branch="false"/>
<line number="118" hits="0" branch="false"/>
<line number="119" hits="0" branch="false"/>
<line number="120" hits="0" branch="false"/>
<line number="121" hits="0" branch="false"/>
<line number="122" hits="0" branch="false"/>
</lines>
</class>
</classes></package></packages>
</coverage>
